<?xml version="1.0" encoding="UTF-8"?>
<testsuite name="Utest" tests="2" skipped="0" failures="1" errors="0" timestamp="2022-03-31T20:40:37" hostname="manuel" time="26.719">
  <properties/>
  <testcase name="Login the user" classname="Utest" time="4.521">
    <failure message="org.openqa.selenium.NoSuchWindowException: no such window: target window already closed&#10;from unknown error: web view not found&#10;  (Session info: chrome=99.0.4844.82)&#10;Build info: version: '3.141.59', revision: 'e82be7d358', time: '2018-11-14T08:17:03'&#10;System info: host: 'manuel', ip: '127.0.1.1', os.name: 'Linux', os.arch: 'amd64', os.version: '5.13.0-37-generic', java.version: '11.0.14.1'&#10;Driver info: org.openqa.selenium.chrome.ChromeDriver&#10;Capabilities {acceptInsecureCerts: false, browserName: chrome, browserVersion: 99.0.4844.82, chrome: {chromedriverVersion: 99.0.4844.51 (d537ec02474b5..., userDataDir: /tmp/.com.google.Chrome.MyQijq}, goog:chromeOptions: {debuggerAddress: localhost:41647}, javascriptEnabled: true, networkConnectionEnabled: false, pageLoadStrategy: normal, platform: LINUX, platformName: LINUX, proxy: Proxy(), setWindowRect: true, strictFileInteractability: false, timeouts: {implicit: 0, pageLoad: 300000, script: 30000}, unhandledPromptBehavior: dismiss and notify, webauthn:extension:credBlob: true, webauthn:extension:largeBlob: true, webauthn:virtualAuthenticators: true}&#10;Session ID: 7518f3fe0fc930ad6b3c675c0897276c&#10;*** Element info: {Using=xpath, value=//a[contains(text(),'Log In')]}" type="org.openqa.selenium.NoSuchWindowException">org.openqa.selenium.NoSuchWindowException: no such window: target window already closed
from unknown error: web view not found
  (Session info: chrome=99.0.4844.82)
Build info: version: '3.141.59', revision: 'e82be7d358', time: '2018-11-14T08:17:03'
System info: host: 'manuel', ip: '127.0.1.1', os.name: 'Linux', os.arch: 'amd64', os.version: '5.13.0-37-generic', java.version: '11.0.14.1'
Driver info: org.openqa.selenium.chrome.ChromeDriver
Capabilities {acceptInsecureCerts: false, browserName: chrome, browserVersion: 99.0.4844.82, chrome: {chromedriverVersion: 99.0.4844.51 (d537ec02474b5..., userDataDir: /tmp/.com.google.Chrome.MyQijq}, goog:chromeOptions: {debuggerAddress: localhost:41647}, javascriptEnabled: true, networkConnectionEnabled: false, pageLoadStrategy: normal, platform: LINUX, platformName: LINUX, proxy: Proxy(), setWindowRect: true, strictFileInteractability: false, timeouts: {implicit: 0, pageLoad: 300000, script: 30000}, unhandledPromptBehavior: dismiss and notify, webauthn:extension:credBlob: true, webauthn:extension:largeBlob: true, webauthn:virtualAuthenticators: true}
Session ID: 7518f3fe0fc930ad6b3c675c0897276c
*** Element info: {Using=xpath, value=//a[contains(text(),'Log In')]}
	at java.base/jdk.internal.reflect.NativeConstructorAccessorImpl.newInstance0(Native Method)
	at java.base/jdk.internal.reflect.NativeConstructorAccessorImpl.newInstance(NativeConstructorAccessorImpl.java:62)
	at java.base/jdk.internal.reflect.DelegatingConstructorAccessorImpl.newInstance(DelegatingConstructorAccessorImpl.java:45)
	at java.base/java.lang.reflect.Constructor.newInstance(Constructor.java:490)
	at org.openqa.selenium.remote.http.W3CHttpResponseCodec.createException(W3CHttpResponseCodec.java:187)
	at org.openqa.selenium.remote.http.W3CHttpResponseCodec.decode(W3CHttpResponseCodec.java:122)
	at org.openqa.selenium.remote.http.W3CHttpResponseCodec.decode(W3CHttpResponseCodec.java:49)
	at org.openqa.selenium.remote.HttpCommandExecutor.execute(HttpCommandExecutor.java:158)
	at org.openqa.selenium.remote.service.DriverCommandExecutor.execute(DriverCommandExecutor.java:83)
	at org.openqa.selenium.remote.RemoteWebDriver.execute(RemoteWebDriver.java:552)
	at org.openqa.selenium.remote.RemoteWebDriver.findElement(RemoteWebDriver.java:323)
	at org.openqa.selenium.remote.RemoteWebDriver.findElementByXPath(RemoteWebDriver.java:428)
	at org.openqa.selenium.By$ByXPath.findElement(By.java:353)
	at org.openqa.selenium.remote.RemoteWebDriver.findElement(RemoteWebDriver.java:315)
	at net.thucydides.core.webdriver.WebDriverFacade.findElement(WebDriverFacade.java:222)
	at net.serenitybdd.core.pages.WebElementResolverByLocator.resolveForDriver(WebElementResolverByLocator.java:18)
	at net.serenitybdd.core.pages.WebElementFacadeImpl.getElement(WebElementFacadeImpl.java:221)
	at net.serenitybdd.core.pages.WebElementExpectations$3.apply(WebElementExpectations.java:63)
	at net.serenitybdd.core.pages.WebElementExpectations$3.apply(WebElementExpectations.java:55)
	at org.openqa.selenium.support.ui.FluentWait.until(FluentWait.java:249)
	at net.serenitybdd.core.pages.WebElementFacadeImpl.waitUntilEnabled(WebElementFacadeImpl.java:1146)
	at net.serenitybdd.core.pages.WebElementFacadeImpl.waitUntilElementAvailable(WebElementFacadeImpl.java:954)
	at net.serenitybdd.core.pages.WebElementFacadeImpl.click(WebElementFacadeImpl.java:1229)
	at net.serenitybdd.screenplay.actions.ClickOnTarget.performAs(ClickOnTarget.java:13)
	at net.serenitybdd.screenplay.actions.ClickOnTarget$ByteBuddy$T5unR8Xx.performAs$accessor$Oz8GC78G(Unknown Source)
	at java.base/jdk.internal.reflect.NativeMethodAccessorImpl.invoke0(Native Method)
	at java.base/jdk.internal.reflect.NativeMethodAccessorImpl.invoke(NativeMethodAccessorImpl.java:62)
	at java.base/jdk.internal.reflect.DelegatingMethodAccessorImpl.invoke(DelegatingMethodAccessorImpl.java:43)
	at java.base/java.lang.reflect.Method.invoke(Method.java:566)
	at net.thucydides.core.steps.StepInterceptor.invokeMethod(StepInterceptor.java:471)
	at net.thucydides.core.steps.StepInterceptor.executeTestStepMethod(StepInterceptor.java:451)
	at net.thucydides.core.steps.StepInterceptor.runTestStep(StepInterceptor.java:424)
	at net.thucydides.core.steps.StepInterceptor.runOrSkipMethod(StepInterceptor.java:180)
	at net.thucydides.core.steps.StepInterceptor.testStepResult(StepInterceptor.java:167)
	at net.thucydides.core.steps.StepInterceptor.intercept(StepInterceptor.java:75)
	at net.serenitybdd.screenplay.actions.ClickOnTarget$ByteBuddy$T5unR8Xx.performAs(Unknown Source)
	at net.serenitybdd.screenplay.Actor.performTask(Actor.java:233)
	at net.serenitybdd.screenplay.Actor.perform(Actor.java:214)
	at net.serenitybdd.screenplay.Actor.attemptsTo(Actor.java:171)
	at co.com.choucair.certification.utest.tasks.Login.performAs(Login.java:26)
	at co.com.choucair.certification.utest.tasks.Login$ByteBuddy$V506tffw.performAs$accessor$Pu6NxhFb(Unknown Source)
	at java.base/jdk.internal.reflect.NativeMethodAccessorImpl.invoke0(Native Method)
	at java.base/jdk.internal.reflect.NativeMethodAccessorImpl.invoke(NativeMethodAccessorImpl.java:62)
	at java.base/jdk.internal.reflect.DelegatingMethodAccessorImpl.invoke(DelegatingMethodAccessorImpl.java:43)
	at java.base/java.lang.reflect.Method.invoke(Method.java:566)
	at net.thucydides.core.steps.StepInterceptor.invokeMethod(StepInterceptor.java:471)
	at net.thucydides.core.steps.StepInterceptor.executeTestStepMethod(StepInterceptor.java:451)
	at net.thucydides.core.steps.StepInterceptor.runTestStep(StepInterceptor.java:424)
	at net.thucydides.core.steps.StepInterceptor.runOrSkipMethod(StepInterceptor.java:180)
	at net.thucydides.core.steps.StepInterceptor.testStepResult(StepInterceptor.java:167)
	at net.thucydides.core.steps.StepInterceptor.intercept(StepInterceptor.java:75)
	at co.com.choucair.certification.utest.tasks.Login$ByteBuddy$V506tffw.performAs(Unknown Source)
	at net.serenitybdd.screenplay.Actor.performTask(Actor.java:233)
	at net.serenitybdd.screenplay.Actor.perform(Actor.java:214)
	at net.serenitybdd.screenplay.Actor.attemptsTo(Actor.java:171)
	at net.serenitybdd.screenplay.Actor.wasAbleTo(Actor.java:158)
	at co.com.choucair.certification.utest.stepdefinitions.UtestStepDefinitions.thatManuelWantsToLearnAutomationAtTheUtest(UtestStepDefinitions.java:30)
	at ✽.than manuel wants to learn automation at the utest(src/test/resources/features/utest.feature:9)
</failure>
  </testcase>
  <testcase name="Register a new user" classname="Utest" time="22.159"/>
  <system-out><![CDATA[]]></system-out>
  <system-err><![CDATA[[Test worker] WARN net.thucydides.core.steps.BaseStepListener - stepStarted: net.thucydides.core.steps.ExecutedStepDescription@281edf2a
[Test worker] WARN net.thucydides.core.steps.BaseStepListener - stepStarted: net.thucydides.core.steps.ExecutedStepDescription@3d2a8dae
[Test worker] WARN net.thucydides.core.steps.BaseStepListener - stepStarted: net.thucydides.core.steps.ExecutedStepDescription@c91c729
mar 31, 2022 3:40:38 P. M. org.openqa.selenium.remote.DesiredCapabilities chrome
INFORMACIÓN: Using `new ChromeOptions()` is preferred to `DesiredCapabilities.chrome()`
[Test worker] INFO net.serenitybdd.core.webdriver.driverproviders.ProvideNewDriver - Instantiating driver
[Test worker] INFO net.serenitybdd.core.webdriver.driverproviders.ProvideNewDriver - Driver capabilities: Capabilities {acceptInsecureCerts: false, browserName: chrome, chrome.switches: --start-maximized, goog:chromeOptions: {args: [--start-maximized], extensions: []}, loggingPrefs: org.openqa.selenium.logging..., platform: ANY, version: }
Starting ChromeDriver 99.0.4844.51 (d537ec02474b5afe23684e7963d538896c63ac77-refs/branch-heads/4844@{#875}) on port 13590
Only local connections are allowed.
Please see https://chromedriver.chromium.org/security-considerations for suggestions on keeping ChromeDriver safe.
ChromeDriver was started successfully.
mar 31, 2022 3:40:39 P. M. org.openqa.selenium.remote.ProtocolHandshake createSession
INFORMACIÓN: Detected dialect: W3C
[Test worker] WARN net.thucydides.core.steps.BaseStepListener - stepFinished: current outcome:Login the user:Given than manuel wants to learn automation at the utest
| strUsername | strPassword |
| meerazo7@hotmail.com | Manuel123* | [Manuel open up [Manuel opens the Utest page]]
[Test worker] WARN net.thucydides.core.steps.BaseStepListener - stepFinished: current outcome:Login the user:Given than manuel wants to learn automation at the utest
| strUsername | strPassword |
| meerazo7@hotmail.com | Manuel123* | [Manuel open up [Manuel opens the Utest page]]
[Test worker] WARN net.thucydides.core.steps.BaseStepListener - stepStarted: net.thucydides.core.steps.ExecutedStepDescription@1fd9c05f
[Test worker] WARN net.thucydides.core.steps.BaseStepListener - stepStarted: net.thucydides.core.steps.ExecutedStepDescription@3b9ebea9
[Test worker] WARN net.thucydides.core.steps.BaseStepListener - stepStarted: net.thucydides.core.steps.ExecutedStepDescription@3d2a5f79
[Test worker] WARN net.thucydides.core.steps.BaseStepListener - stepStarted: net.thucydides.core.steps.ExecutedStepDescription@5aaa7699
[Test worker] WARN net.thucydides.core.steps.BaseStepListener - testFinished: Login the user:Given than manuel wants to learn automation at the utest
| strUsername | strPassword |
| meerazo7@hotmail.com | Manuel123* | [Manuel open up [Manuel opens the Utest page], Manuel login [Manuel clicks on button that show us the form to login]], When he finds the coursed called utest, Then the user Logout with their credentials
[Test worker] WARN net.thucydides.core.steps.BaseStepListener - TestOutcomes: [Login the user:Given than manuel wants to learn automation at the utest
| strUsername | strPassword |
| meerazo7@hotmail.com | Manuel123* | [Manuel open up [Manuel opens the Utest page], Manuel login [Manuel clicks on button that show us the form to login]], When he finds the coursed called utest, Then the user Logout with their credentials]
[Test worker] WARN net.thucydides.core.steps.BaseStepListener - Final testOutcomes: [Login the user:Given than manuel wants to learn automation at the utest
| strUsername | strPassword |
| meerazo7@hotmail.com | Manuel123* | [Manuel open up [Manuel opens the Utest page], Manuel login [Manuel clicks on button that show us the form to login]], When he finds the coursed called utest, Then the user Logout with their credentials]
[Test worker] ERROR net.thucydides.core.steps.ConsoleLoggingListener - 
           __  _____ _____ ____ _____   _____ _    ___ _     _____ ____  
  _       / / |_   _| ____/ ___|_   _| |  ___/ \  |_ _| |   | ____|  _ \ 
 (_)_____| |    | | |  _| \___ \ | |   | |_ / _ \  | || |   |  _| | | | |
  _|_____| |    | | | |___ ___) || |   |  _/ ___ \ | || |___| |___| |_| |
 (_)     | |    |_| |_____|____/ |_|   |_|/_/   \_\___|_____|_____|____/ 
          \_\                                                            

TEST FAILED WITH ERROR: Login the user
---------------------------------------------------------------------
[Test worker] ERROR net.thucydides.core.steps.ConsoleLoggingListener - TEST FAILED AT STEP Manuel clicks on button that show us the form to login
[Test worker] ERROR net.thucydides.core.steps.ConsoleLoggingListener - no such window: target window already closed
[Test worker] WARN net.thucydides.core.steps.BaseStepListener - stepStarted: net.thucydides.core.steps.ExecutedStepDescription@4e385ae5
[Test worker] WARN net.thucydides.core.steps.BaseStepListener - stepStarted: net.thucydides.core.steps.ExecutedStepDescription@526cff27
[Test worker] WARN net.thucydides.core.steps.BaseStepListener - stepStarted: net.thucydides.core.steps.ExecutedStepDescription@19e02a6b
mar 31, 2022 3:40:42 P. M. org.openqa.selenium.remote.DesiredCapabilities chrome
INFORMACIÓN: Using `new ChromeOptions()` is preferred to `DesiredCapabilities.chrome()`
[Test worker] INFO net.serenitybdd.core.webdriver.driverproviders.ProvideNewDriver - Instantiating driver
[Test worker] INFO net.serenitybdd.core.webdriver.driverproviders.ProvideNewDriver - Driver capabilities: Capabilities {acceptInsecureCerts: false, browserName: chrome, chrome.switches: --start-maximized, goog:chromeOptions: {args: [--start-maximized], extensions: []}, loggingPrefs: org.openqa.selenium.logging..., platform: ANY, version: }
Starting ChromeDriver 99.0.4844.51 (d537ec02474b5afe23684e7963d538896c63ac77-refs/branch-heads/4844@{#875}) on port 5888
Only local connections are allowed.
Please see https://chromedriver.chromium.org/security-considerations for suggestions on keeping ChromeDriver safe.
ChromeDriver was started successfully.
mar 31, 2022 3:40:42 P. M. org.openqa.selenium.remote.ProtocolHandshake createSession
INFORMACIÓN: Detected dialect: W3C
[Test worker] WARN net.thucydides.core.steps.BaseStepListener - stepFinished: current outcome:Register a new user:Given set data in fields
| strFirstName | strLastName | strEmailAddress | strCity | strZipCode |
| Juan | Carabali | mowafo1178@sartess.com | Popayán | 190002 | [Manuel open up [Manuel opens the Utest page]]
[Test worker] WARN net.thucydides.core.steps.BaseStepListener - stepFinished: current outcome:Register a new user:Given set data in fields
| strFirstName | strLastName | strEmailAddress | strCity | strZipCode |
| Juan | Carabali | mowafo1178@sartess.com | Popayán | 190002 | [Manuel open up [Manuel opens the Utest page]]
[Test worker] WARN net.thucydides.core.steps.BaseStepListener - stepStarted: net.thucydides.core.steps.ExecutedStepDescription@1b38dc8d
[Test worker] WARN net.thucydides.core.steps.BaseStepListener - stepStarted: net.thucydides.core.steps.ExecutedStepDescription@435e4ef5
[Test worker] WARN net.thucydides.core.steps.BaseStepListener - stepFinished: current outcome:Register a new user:Given set data in fields
| strFirstName | strLastName | strEmailAddress | strCity | strZipCode |
| Juan | Carabali | mowafo1178@sartess.com | Popayán | 190002 | [Manuel open up [Manuel opens the Utest page], Manuel register [Manuel clicks on button register]]
[Test worker] WARN net.thucydides.core.steps.BaseStepListener - stepStarted: net.thucydides.core.steps.ExecutedStepDescription@855572e
[Test worker] WARN net.thucydides.core.steps.BaseStepListener - stepFinished: current outcome:Register a new user:Given set data in fields
| strFirstName | strLastName | strEmailAddress | strCity | strZipCode |
| Juan | Carabali | mowafo1178@sartess.com | Popayán | 190002 | [Manuel open up [Manuel opens the Utest page], Manuel register [Manuel clicks on button register, Manuel enters 'Juan' into where do we write the first name]]
[Test worker] WARN net.thucydides.core.steps.BaseStepListener - stepStarted: net.thucydides.core.steps.ExecutedStepDescription@9bbf567
[Test worker] WARN net.thucydides.core.steps.BaseStepListener - stepFinished: current outcome:Register a new user:Given set data in fields
| strFirstName | strLastName | strEmailAddress | strCity | strZipCode |
| Juan | Carabali | mowafo1178@sartess.com | Popayán | 190002 | [Manuel open up [Manuel opens the Utest page], Manuel register [Manuel clicks on button register, Manuel enters 'Juan' into where do we write the first name, Manuel enters 'Carabali' into where do we write the last name]]
[Test worker] WARN net.thucydides.core.steps.BaseStepListener - stepStarted: net.thucydides.core.steps.ExecutedStepDescription@4eeb0d29
[Test worker] WARN net.thucydides.core.steps.BaseStepListener - stepFinished: current outcome:Register a new user:Given set data in fields
| strFirstName | strLastName | strEmailAddress | strCity | strZipCode |
| Juan | Carabali | mowafo1178@sartess.com | Popayán | 190002 | [Manuel open up [Manuel opens the Utest page], Manuel register [Manuel clicks on button register, Manuel enters 'Juan' into where do we write the first name, Manuel enters 'Carabali' into where do we write the last name, Manuel enters 'mowafo1178@sartess.com' into where do we write the email]]
[Test worker] WARN net.thucydides.core.steps.BaseStepListener - stepStarted: net.thucydides.core.steps.ExecutedStepDescription@765c32f8
[Test worker] WARN net.thucydides.core.steps.BaseStepListener - stepFinished: current outcome:Register a new user:Given set data in fields
| strFirstName | strLastName | strEmailAddress | strCity | strZipCode |
| Juan | Carabali | mowafo1178@sartess.com | Popayán | 190002 | [Manuel open up [Manuel opens the Utest page], Manuel register [Manuel clicks on button register, Manuel enters 'Juan' into where do we write the first name, Manuel enters 'Carabali' into where do we write the last name, Manuel enters 'mowafo1178@sartess.com' into where do we write the email, Manuel clicks on where do we write the month]]
[Test worker] WARN net.thucydides.core.steps.BaseStepListener - stepStarted: net.thucydides.core.steps.ExecutedStepDescription@3610f19e
[Test worker] WARN net.thucydides.core.steps.BaseStepListener - stepFinished: current outcome:Register a new user:Given set data in fields
| strFirstName | strLastName | strEmailAddress | strCity | strZipCode |
| Juan | Carabali | mowafo1178@sartess.com | Popayán | 190002 | [Manuel open up [Manuel opens the Utest page], Manuel register [Manuel clicks on button register, Manuel enters 'Juan' into where do we write the first name, Manuel enters 'Carabali' into where do we write the last name, Manuel enters 'mowafo1178@sartess.com' into where do we write the email, Manuel clicks on where do we write the month, Manuel clicks on where do we write the month]]
[Test worker] WARN net.thucydides.core.steps.BaseStepListener - stepStarted: net.thucydides.core.steps.ExecutedStepDescription@21a9989e
[Test worker] WARN net.thucydides.core.steps.BaseStepListener - stepFinished: current outcome:Register a new user:Given set data in fields
| strFirstName | strLastName | strEmailAddress | strCity | strZipCode |
| Juan | Carabali | mowafo1178@sartess.com | Popayán | 190002 | [Manuel open up [Manuel opens the Utest page], Manuel register [Manuel clicks on button register, Manuel enters 'Juan' into where do we write the first name, Manuel enters 'Carabali' into where do we write the last name, Manuel enters 'mowafo1178@sartess.com' into where do we write the email, Manuel clicks on where do we write the month, Manuel clicks on where do we write the month, Manuel clicks on where do we write the day]]
[Test worker] WARN net.thucydides.core.steps.BaseStepListener - stepStarted: net.thucydides.core.steps.ExecutedStepDescription@77f10749
[Test worker] WARN net.thucydides.core.steps.BaseStepListener - stepFinished: current outcome:Register a new user:Given set data in fields
| strFirstName | strLastName | strEmailAddress | strCity | strZipCode |
| Juan | Carabali | mowafo1178@sartess.com | Popayán | 190002 | [Manuel open up [Manuel opens the Utest page], Manuel register [Manuel clicks on button register, Manuel enters 'Juan' into where do we write the first name, Manuel enters 'Carabali' into where do we write the last name, Manuel enters 'mowafo1178@sartess.com' into where do we write the email, Manuel clicks on where do we write the month, Manuel clicks on where do we write the month, Manuel clicks on where do we write the day, Manuel clicks on where do we write the day]]
[Test worker] WARN net.thucydides.core.steps.BaseStepListener - stepStarted: net.thucydides.core.steps.ExecutedStepDescription@1456dda4
[Test worker] WARN net.thucydides.core.steps.BaseStepListener - stepFinished: current outcome:Register a new user:Given set data in fields
| strFirstName | strLastName | strEmailAddress | strCity | strZipCode |
| Juan | Carabali | mowafo1178@sartess.com | Popayán | 190002 | [Manuel open up [Manuel opens the Utest page], Manuel register [Manuel clicks on button register, Manuel enters 'Juan' into where do we write the first name, Manuel enters 'Carabali' into where do we write the last name, Manuel enters 'mowafo1178@sartess.com' into where do we write the email, Manuel clicks on where do we write the month, Manuel clicks on where do we write the month, Manuel clicks on where do we write the day, Manuel clicks on where do we write the day, Manuel clicks on where do we write the year]]
[Test worker] WARN net.thucydides.core.steps.BaseStepListener - stepStarted: net.thucydides.core.steps.ExecutedStepDescription@cae557e
[Test worker] WARN net.thucydides.core.steps.BaseStepListener - stepFinished: current outcome:Register a new user:Given set data in fields
| strFirstName | strLastName | strEmailAddress | strCity | strZipCode |
| Juan | Carabali | mowafo1178@sartess.com | Popayán | 190002 | [Manuel open up [Manuel opens the Utest page], Manuel register [Manuel clicks on button register, Manuel enters 'Juan' into where do we write the first name, Manuel enters 'Carabali' into where do we write the last name, Manuel enters 'mowafo1178@sartess.com' into where do we write the email, Manuel clicks on where do we write the month, Manuel clicks on where do we write the month, Manuel clicks on where do we write the day, Manuel clicks on where do we write the day, Manuel clicks on where do we write the year, Manuel clicks on where do we write the year]]
[Test worker] WARN net.thucydides.core.steps.BaseStepListener - stepStarted: net.thucydides.core.steps.ExecutedStepDescription@5155bc78
[Test worker] WARN net.thucydides.core.steps.BaseStepListener - stepFinished: current outcome:Register a new user:Given set data in fields
| strFirstName | strLastName | strEmailAddress | strCity | strZipCode |
| Juan | Carabali | mowafo1178@sartess.com | Popayán | 190002 | [Manuel open up [Manuel opens the Utest page], Manuel register [Manuel clicks on button register, Manuel enters 'Juan' into where do we write the first name, Manuel enters 'Carabali' into where do we write the last name, Manuel enters 'mowafo1178@sartess.com' into where do we write the email, Manuel clicks on where do we write the month, Manuel clicks on where do we write the month, Manuel clicks on where do we write the day, Manuel clicks on where do we write the day, Manuel clicks on where do we write the year, Manuel clicks on where do we write the year, Manuel clicks on next button]]
[Test worker] WARN net.thucydides.core.steps.BaseStepListener - stepStarted: net.thucydides.core.steps.ExecutedStepDescription@2d8dcce6
[Test worker] WARN net.thucydides.core.steps.BaseStepListener - stepFinished: current outcome:Register a new user:Given set data in fields
| strFirstName | strLastName | strEmailAddress | strCity | strZipCode |
| Juan | Carabali | mowafo1178@sartess.com | Popayán | 190002 | [Manuel open up [Manuel opens the Utest page], Manuel register [Manuel clicks on button register, Manuel enters 'Juan' into where do we write the first name, Manuel enters 'Carabali' into where do we write the last name, Manuel enters 'mowafo1178@sartess.com' into where do we write the email, Manuel clicks on where do we write the month, Manuel clicks on where do we write the month, Manuel clicks on where do we write the day, Manuel clicks on where do we write the day, Manuel clicks on where do we write the year, Manuel clicks on where do we write the year, Manuel clicks on next button, Manuel enters 'Popayán' into where do we write the city]]
[Test worker] WARN net.thucydides.core.steps.BaseStepListener - stepStarted: net.thucydides.core.steps.ExecutedStepDescription@5e2882aa
[Test worker] WARN net.thucydides.core.steps.BaseStepListener - stepFinished: current outcome:Register a new user:Given set data in fields
| strFirstName | strLastName | strEmailAddress | strCity | strZipCode |
| Juan | Carabali | mowafo1178@sartess.com | Popayán | 190002 | [Manuel open up [Manuel opens the Utest page], Manuel register [Manuel clicks on button register, Manuel enters 'Juan' into where do we write the first name, Manuel enters 'Carabali' into where do we write the last name, Manuel enters 'mowafo1178@sartess.com' into where do we write the email, Manuel clicks on where do we write the month, Manuel clicks on where do we write the month, Manuel clicks on where do we write the day, Manuel clicks on where do we write the day, Manuel clicks on where do we write the year, Manuel clicks on where do we write the year, Manuel clicks on next button, Manuel enters 'Popayán' into where do we write the city, Manuel enters '190002' into where do we write the city]]
[Test worker] WARN net.thucydides.core.steps.BaseStepListener - stepStarted: net.thucydides.core.steps.ExecutedStepDescription@6e1578d3
[Test worker] WARN net.thucydides.core.steps.BaseStepListener - stepFinished: current outcome:Register a new user:Given set data in fields
| strFirstName | strLastName | strEmailAddress | strCity | strZipCode |
| Juan | Carabali | mowafo1178@sartess.com | Popayán | 190002 | [Manuel open up [Manuel opens the Utest page], Manuel register [Manuel clicks on button register, Manuel enters 'Juan' into where do we write the first name, Manuel enters 'Carabali' into where do we write the last name, Manuel enters 'mowafo1178@sartess.com' into where do we write the email, Manuel clicks on where do we write the month, Manuel clicks on where do we write the month, Manuel clicks on where do we write the day, Manuel clicks on where do we write the day, Manuel clicks on where do we write the year, Manuel clicks on where do we write the year, Manuel clicks on next button, Manuel enters 'Popayán' into where do we write the city, Manuel enters '190002' into where do we write the city, Manuel clicks on where do we write the city]]
[Test worker] WARN net.thucydides.core.steps.BaseStepListener - stepStarted: net.thucydides.core.steps.ExecutedStepDescription@44af33b3
[Test worker] WARN net.thucydides.core.steps.BaseStepListener - stepFinished: current outcome:Register a new user:Given set data in fields
| strFirstName | strLastName | strEmailAddress | strCity | strZipCode |
| Juan | Carabali | mowafo1178@sartess.com | Popayán | 190002 | [Manuel open up [Manuel opens the Utest page], Manuel register [Manuel clicks on button register, Manuel enters 'Juan' into where do we write the first name, Manuel enters 'Carabali' into where do we write the last name, Manuel enters 'mowafo1178@sartess.com' into where do we write the email, Manuel clicks on where do we write the month, Manuel clicks on where do we write the month, Manuel clicks on where do we write the day, Manuel clicks on where do we write the day, Manuel clicks on where do we write the year, Manuel clicks on where do we write the year, Manuel clicks on next button, Manuel enters 'Popayán' into where do we write the city, Manuel enters '190002' into where do we write the city, Manuel clicks on where do we write the city, Manuel clicks on next button]]
[Test worker] WARN net.thucydides.core.steps.BaseStepListener - stepStarted: net.thucydides.core.steps.ExecutedStepDescription@39931806
[Test worker] WARN net.thucydides.core.steps.BaseStepListener - stepFinished: current outcome:Register a new user:Given set data in fields
| strFirstName | strLastName | strEmailAddress | strCity | strZipCode |
| Juan | Carabali | mowafo1178@sartess.com | Popayán | 190002 | [Manuel open up [Manuel opens the Utest page], Manuel register [Manuel clicks on button register, Manuel enters 'Juan' into where do we write the first name, Manuel enters 'Carabali' into where do we write the last name, Manuel enters 'mowafo1178@sartess.com' into where do we write the email, Manuel clicks on where do we write the month, Manuel clicks on where do we write the month, Manuel clicks on where do we write the day, Manuel clicks on where do we write the day, Manuel clicks on where do we write the year, Manuel clicks on where do we write the year, Manuel clicks on next button, Manuel enters 'Popayán' into where do we write the city, Manuel enters '190002' into where do we write the city, Manuel clicks on where do we write the city, Manuel clicks on next button, Manuel clicks on so]]
[Test worker] WARN net.thucydides.core.steps.BaseStepListener - stepStarted: net.thucydides.core.steps.ExecutedStepDescription@7eadafb4
[Test worker] WARN net.thucydides.core.steps.BaseStepListener - stepFinished: current outcome:Register a new user:Given set data in fields
| strFirstName | strLastName | strEmailAddress | strCity | strZipCode |
| Juan | Carabali | mowafo1178@sartess.com | Popayán | 190002 | [Manuel open up [Manuel opens the Utest page], Manuel register [Manuel clicks on button register, Manuel enters 'Juan' into where do we write the first name, Manuel enters 'Carabali' into where do we write the last name, Manuel enters 'mowafo1178@sartess.com' into where do we write the email, Manuel clicks on where do we write the month, Manuel clicks on where do we write the month, Manuel clicks on where do we write the day, Manuel clicks on where do we write the day, Manuel clicks on where do we write the year, Manuel clicks on where do we write the year, Manuel clicks on next button, Manuel enters 'Popayán' into where do we write the city, Manuel enters '190002' into where do we write the city, Manuel clicks on where do we write the city, Manuel clicks on next button, Manuel clicks on so, Manuel clicks on so]]
[Test worker] WARN net.thucydides.core.steps.BaseStepListener - stepStarted: net.thucydides.core.steps.ExecutedStepDescription@59d1b700
[Test worker] WARN net.thucydides.core.steps.BaseStepListener - stepFinished: current outcome:Register a new user:Given set data in fields
| strFirstName | strLastName | strEmailAddress | strCity | strZipCode |
| Juan | Carabali | mowafo1178@sartess.com | Popayán | 190002 | [Manuel open up [Manuel opens the Utest page], Manuel register [Manuel clicks on button register, Manuel enters 'Juan' into where do we write the first name, Manuel enters 'Carabali' into where do we write the last name, Manuel enters 'mowafo1178@sartess.com' into where do we write the email, Manuel clicks on where do we write the month, Manuel clicks on where do we write the month, Manuel clicks on where do we write the day, Manuel clicks on where do we write the day, Manuel clicks on where do we write the year, Manuel clicks on where do we write the year, Manuel clicks on next button, Manuel enters 'Popayán' into where do we write the city, Manuel enters '190002' into where do we write the city, Manuel clicks on where do we write the city, Manuel clicks on next button, Manuel clicks on so, Manuel clicks on so, Manuel clicks on so]]
[Test worker] WARN net.thucydides.core.steps.BaseStepListener - stepStarted: net.thucydides.core.steps.ExecutedStepDescription@4b13ad7
[Test worker] WARN net.thucydides.core.steps.BaseStepListener - stepFinished: current outcome:Register a new user:Given set data in fields
| strFirstName | strLastName | strEmailAddress | strCity | strZipCode |
| Juan | Carabali | mowafo1178@sartess.com | Popayán | 190002 | [Manuel open up [Manuel opens the Utest page], Manuel register [Manuel clicks on button register, Manuel enters 'Juan' into where do we write the first name, Manuel enters 'Carabali' into where do we write the last name, Manuel enters 'mowafo1178@sartess.com' into where do we write the email, Manuel clicks on where do we write the month, Manuel clicks on where do we write the month, Manuel clicks on where do we write the day, Manuel clicks on where do we write the day, Manuel clicks on where do we write the year, Manuel clicks on where do we write the year, Manuel clicks on next button, Manuel enters 'Popayán' into where do we write the city, Manuel enters '190002' into where do we write the city, Manuel clicks on where do we write the city, Manuel clicks on next button, Manuel clicks on so, Manuel clicks on so, Manuel clicks on so, Manuel clicks on so]]
[Test worker] WARN net.thucydides.core.steps.BaseStepListener - stepStarted: net.thucydides.core.steps.ExecutedStepDescription@387f5f4e
[Test worker] WARN net.thucydides.core.steps.BaseStepListener - stepFinished: current outcome:Register a new user:Given set data in fields
| strFirstName | strLastName | strEmailAddress | strCity | strZipCode |
| Juan | Carabali | mowafo1178@sartess.com | Popayán | 190002 | [Manuel open up [Manuel opens the Utest page], Manuel register [Manuel clicks on button register, Manuel enters 'Juan' into where do we write the first name, Manuel enters 'Carabali' into where do we write the last name, Manuel enters 'mowafo1178@sartess.com' into where do we write the email, Manuel clicks on where do we write the month, Manuel clicks on where do we write the month, Manuel clicks on where do we write the day, Manuel clicks on where do we write the day, Manuel clicks on where do we write the year, Manuel clicks on where do we write the year, Manuel clicks on next button, Manuel enters 'Popayán' into where do we write the city, Manuel enters '190002' into where do we write the city, Manuel clicks on where do we write the city, Manuel clicks on next button, Manuel clicks on so, Manuel clicks on so, Manuel clicks on so, Manuel clicks on so, Manuel clicks on next button]]
[Test worker] WARN net.thucydides.core.steps.BaseStepListener - stepFinished: current outcome:Register a new user:Given set data in fields
| strFirstName | strLastName | strEmailAddress | strCity | strZipCode |
| Juan | Carabali | mowafo1178@sartess.com | Popayán | 190002 | [Manuel open up [Manuel opens the Utest page], Manuel register [Manuel clicks on button register, Manuel enters 'Juan' into where do we write the first name, Manuel enters 'Carabali' into where do we write the last name, Manuel enters 'mowafo1178@sartess.com' into where do we write the email, Manuel clicks on where do we write the month, Manuel clicks on where do we write the month, Manuel clicks on where do we write the day, Manuel clicks on where do we write the day, Manuel clicks on where do we write the year, Manuel clicks on where do we write the year, Manuel clicks on next button, Manuel enters 'Popayán' into where do we write the city, Manuel enters '190002' into where do we write the city, Manuel clicks on where do we write the city, Manuel clicks on next button, Manuel clicks on so, Manuel clicks on so, Manuel clicks on so, Manuel clicks on so, Manuel clicks on next button]]
[Test worker] WARN net.thucydides.core.steps.BaseStepListener - stepFinished: current outcome:Register a new user:Given set data in fields
| strFirstName | strLastName | strEmailAddress | strCity | strZipCode |
| Juan | Carabali | mowafo1178@sartess.com | Popayán | 190002 | [Manuel open up [Manuel opens the Utest page], Manuel register [Manuel clicks on button register, Manuel enters 'Juan' into where do we write the first name, Manuel enters 'Carabali' into where do we write the last name, Manuel enters 'mowafo1178@sartess.com' into where do we write the email, Manuel clicks on where do we write the month, Manuel clicks on where do we write the month, Manuel clicks on where do we write the day, Manuel clicks on where do we write the day, Manuel clicks on where do we write the year, Manuel clicks on where do we write the year, Manuel clicks on next button, Manuel enters 'Popayán' into where do we write the city, Manuel enters '190002' into where do we write the city, Manuel clicks on where do we write the city, Manuel clicks on next button, Manuel clicks on so, Manuel clicks on so, Manuel clicks on so, Manuel clicks on so, Manuel clicks on next button]]
[Test worker] WARN net.thucydides.core.steps.BaseStepListener - testFinished: Register a new user:Given set data in fields
| strFirstName | strLastName | strEmailAddress | strCity | strZipCode |
| Juan | Carabali | mowafo1178@sartess.com | Popayán | 190002 | [Manuel open up [Manuel opens the Utest page], Manuel register [Manuel clicks on button register, Manuel enters 'Juan' into where do we write the first name, Manuel enters 'Carabali' into where do we write the last name, Manuel enters 'mowafo1178@sartess.com' into where do we write the email, Manuel clicks on where do we write the month, Manuel clicks on where do we write the month, Manuel clicks on where do we write the day, Manuel clicks on where do we write the day, Manuel clicks on where do we write the year, Manuel clicks on where do we write the year, Manuel clicks on next button, Manuel enters 'Popayán' into where do we write the city, Manuel enters '190002' into where do we write the city, Manuel clicks on where do we write the city, Manuel clicks on next button, Manuel clicks on so, Manuel clicks on so, Manuel clicks on so, Manuel clicks on so, Manuel clicks on next button]]
[Test worker] WARN net.thucydides.core.steps.BaseStepListener - TestOutcomes: [Login the user:Given than manuel wants to learn automation at the utest
| strUsername | strPassword |
| meerazo7@hotmail.com | Manuel123* | [Manuel open up [Manuel opens the Utest page], Manuel login [Manuel clicks on button that show us the form to login]], When he finds the coursed called utest, Then the user Logout with their credentials, Register a new user:Given set data in fields
| strFirstName | strLastName | strEmailAddress | strCity | strZipCode |
| Juan | Carabali | mowafo1178@sartess.com | Popayán | 190002 | [Manuel open up [Manuel opens the Utest page], Manuel register [Manuel clicks on button register, Manuel enters 'Juan' into where do we write the first name, Manuel enters 'Carabali' into where do we write the last name, Manuel enters 'mowafo1178@sartess.com' into where do we write the email, Manuel clicks on where do we write the month, Manuel clicks on where do we write the month, Manuel clicks on where do we write the day, Manuel clicks on where do we write the day, Manuel clicks on where do we write the year, Manuel clicks on where do we write the year, Manuel clicks on next button, Manuel enters 'Popayán' into where do we write the city, Manuel enters '190002' into where do we write the city, Manuel clicks on where do we write the city, Manuel clicks on next button, Manuel clicks on so, Manuel clicks on so, Manuel clicks on so, Manuel clicks on so, Manuel clicks on next button]]]
[Test worker] WARN net.thucydides.core.steps.BaseStepListener - Final testOutcomes: [Login the user:Given than manuel wants to learn automation at the utest
| strUsername | strPassword |
| meerazo7@hotmail.com | Manuel123* | [Manuel open up [Manuel opens the Utest page], Manuel login [Manuel clicks on button that show us the form to login]], When he finds the coursed called utest, Then the user Logout with their credentials, Register a new user:Given set data in fields
| strFirstName | strLastName | strEmailAddress | strCity | strZipCode |
| Juan | Carabali | mowafo1178@sartess.com | Popayán | 190002 | [Manuel open up [Manuel opens the Utest page], Manuel register [Manuel clicks on button register, Manuel enters 'Juan' into where do we write the first name, Manuel enters 'Carabali' into where do we write the last name, Manuel enters 'mowafo1178@sartess.com' into where do we write the email, Manuel clicks on where do we write the month, Manuel clicks on where do we write the month, Manuel clicks on where do we write the day, Manuel clicks on where do we write the day, Manuel clicks on where do we write the year, Manuel clicks on where do we write the year, Manuel clicks on next button, Manuel enters 'Popayán' into where do we write the city, Manuel enters '190002' into where do we write the city, Manuel clicks on where do we write the city, Manuel clicks on next button, Manuel clicks on so, Manuel clicks on so, Manuel clicks on so, Manuel clicks on so, Manuel clicks on next button]]]
[Test worker] INFO net.thucydides.core.steps.ConsoleLoggingListener - 
        __    _____ _____ ____ _____   ____   _    ____  ____  _____ ____  
  _     \ \  |_   _| ____/ ___|_   _| |  _ \ / \  / ___|/ ___|| ____|  _ \ 
 (_)_____| |   | | |  _| \___ \ | |   | |_) / _ \ \___ \\___ \|  _| | | | |
  _|_____| |   | | | |___ ___) || |   |  __/ ___ \ ___) |___) | |___| |_| |
 (_)     | |   |_| |_____|____/ |_|   |_| /_/   \_\____/|____/|_____|____/ 
        /_/                                                                

TEST PASSED: Register a new user
----------------------------------------------------------------------------
]]></system-err>
</testsuite>
