<?xml version="1.0" encoding="UTF-8"?>
<testsuite name="Utest" tests="2" skipped="0" failures="1" errors="0" timestamp="2022-03-31T21:18:10" hostname="manuel" time="43.58">
  <properties/>
  <testcase name="Login the user" classname="Utest" time="16.862">
    <failure message="net.serenitybdd.core.exceptions.SerenityManagedException: The following error occurred: chrome not reachable&#10;  (Session info: chrome=99.0.4844.82)&#10;Build info: version: '3.141.59', revision: 'e82be7d358', time: '2018-11-14T08:17:03'&#10;System info: host: 'manuel', ip: '127.0.1.1', os.name: 'Linux', os.arch: 'amd64', os.version: '5.13.0-37-generic', java.version: '11.0.14.1'&#10;Driver info: org.openqa.selenium.chrome.ChromeDriver&#10;Capabilities {acceptInsecureCerts: false, browserName: chrome, browserVersion: 99.0.4844.82, chrome: {chromedriverVersion: 99.0.4844.51 (d537ec02474b5..., userDataDir: /tmp/.com.google.Chrome.KR1zf5}, goog:chromeOptions: {debuggerAddress: localhost:41543}, javascriptEnabled: true, networkConnectionEnabled: false, pageLoadStrategy: normal, platform: LINUX, platformName: LINUX, proxy: Proxy(), setWindowRect: true, strictFileInteractability: false, timeouts: {implicit: 0, pageLoad: 300000, script: 30000}, unhandledPromptBehavior: dismiss and notify, webauthn:extension:credBlob: true, webauthn:extension:largeBlob: true, webauthn:virtualAuthenticators: true}&#10;Session ID: 4ec79f9ae5c8c07a3d6557472fb0f75c&#10;*** Element info: {Using=xpath, value=//i[contains(text(),'expand_more')]}" type="net.serenitybdd.core.exceptions.SerenityManagedException">net.serenitybdd.core.exceptions.SerenityManagedException: The following error occurred: chrome not reachable
  (Session info: chrome=99.0.4844.82)
Build info: version: '3.141.59', revision: 'e82be7d358', time: '2018-11-14T08:17:03'
System info: host: 'manuel', ip: '127.0.1.1', os.name: 'Linux', os.arch: 'amd64', os.version: '5.13.0-37-generic', java.version: '11.0.14.1'
Driver info: org.openqa.selenium.chrome.ChromeDriver
Capabilities {acceptInsecureCerts: false, browserName: chrome, browserVersion: 99.0.4844.82, chrome: {chromedriverVersion: 99.0.4844.51 (d537ec02474b5..., userDataDir: /tmp/.com.google.Chrome.KR1zf5}, goog:chromeOptions: {debuggerAddress: localhost:41543}, javascriptEnabled: true, networkConnectionEnabled: false, pageLoadStrategy: normal, platform: LINUX, platformName: LINUX, proxy: Proxy(), setWindowRect: true, strictFileInteractability: false, timeouts: {implicit: 0, pageLoad: 300000, script: 30000}, unhandledPromptBehavior: dismiss and notify, webauthn:extension:credBlob: true, webauthn:extension:largeBlob: true, webauthn:virtualAuthenticators: true}
Session ID: 4ec79f9ae5c8c07a3d6557472fb0f75c
*** Element info: {Using=xpath, value=//i[contains(text(),'expand_more')]}
	at java.base/jdk.internal.reflect.NativeConstructorAccessorImpl.newInstance0(Native Method)
	at java.base/jdk.internal.reflect.NativeConstructorAccessorImpl.newInstance(NativeConstructorAccessorImpl.java:62)
	at java.base/jdk.internal.reflect.DelegatingConstructorAccessorImpl.newInstance(DelegatingConstructorAccessorImpl.java:45)
	at java.base/java.lang.reflect.Constructor.newInstance(Constructor.java:490)
	at org.openqa.selenium.remote.http.W3CHttpResponseCodec.createException(W3CHttpResponseCodec.java:187)
	at org.openqa.selenium.remote.http.W3CHttpResponseCodec.decode(W3CHttpResponseCodec.java:122)
	at org.openqa.selenium.remote.http.W3CHttpResponseCodec.decode(W3CHttpResponseCodec.java:49)
	at org.openqa.selenium.remote.HttpCommandExecutor.execute(HttpCommandExecutor.java:158)
	at org.openqa.selenium.remote.service.DriverCommandExecutor.execute(DriverCommandExecutor.java:83)
	at org.openqa.selenium.remote.RemoteWebDriver.execute(RemoteWebDriver.java:552)
	at org.openqa.selenium.remote.RemoteWebDriver.findElement(RemoteWebDriver.java:323)
	at org.openqa.selenium.remote.RemoteWebDriver.findElementByXPath(RemoteWebDriver.java:428)
	at org.openqa.selenium.By$ByXPath.findElement(By.java:353)
	at org.openqa.selenium.remote.RemoteWebDriver.findElement(RemoteWebDriver.java:315)
	at net.thucydides.core.webdriver.WebDriverFacade.findElement(WebDriverFacade.java:222)
	at net.serenitybdd.core.pages.WebElementResolverByLocator.resolveForDriver(WebElementResolverByLocator.java:18)
	at net.serenitybdd.core.pages.WebElementFacadeImpl.getElement(WebElementFacadeImpl.java:221)
	at net.serenitybdd.core.pages.WebElementExpectations$3.apply(WebElementExpectations.java:63)
	at net.serenitybdd.core.pages.WebElementExpectations$3.apply(WebElementExpectations.java:55)
	at org.openqa.selenium.support.ui.FluentWait.until(FluentWait.java:249)
	at net.serenitybdd.core.pages.WebElementFacadeImpl.waitUntilEnabled(WebElementFacadeImpl.java:1146)
	at net.serenitybdd.core.pages.WebElementFacadeImpl.waitUntilElementAvailable(WebElementFacadeImpl.java:954)
	at net.serenitybdd.core.pages.WebElementFacadeImpl.click(WebElementFacadeImpl.java:1229)
	at net.serenitybdd.screenplay.actions.ClickOnTarget.performAs(ClickOnTarget.java:13)
	at net.serenitybdd.screenplay.actions.ClickOnTarget$ByteBuddy$FUjU9G1O.performAs$accessor$tnRrAdJj(Unknown Source)
	at java.base/jdk.internal.reflect.NativeMethodAccessorImpl.invoke0(Native Method)
	at java.base/jdk.internal.reflect.NativeMethodAccessorImpl.invoke(NativeMethodAccessorImpl.java:62)
	at java.base/jdk.internal.reflect.DelegatingMethodAccessorImpl.invoke(DelegatingMethodAccessorImpl.java:43)
	at java.base/java.lang.reflect.Method.invoke(Method.java:566)
	at net.thucydides.core.steps.StepInterceptor.invokeMethod(StepInterceptor.java:471)
	at net.thucydides.core.steps.StepInterceptor.executeTestStepMethod(StepInterceptor.java:451)
	at net.thucydides.core.steps.StepInterceptor.runTestStep(StepInterceptor.java:424)
	at net.thucydides.core.steps.StepInterceptor.runOrSkipMethod(StepInterceptor.java:180)
	at net.thucydides.core.steps.StepInterceptor.testStepResult(StepInterceptor.java:167)
	at net.thucydides.core.steps.StepInterceptor.intercept(StepInterceptor.java:75)
	at net.serenitybdd.screenplay.actions.ClickOnTarget$ByteBuddy$FUjU9G1O.performAs(Unknown Source)
	at net.serenitybdd.screenplay.Actor.performTask(Actor.java:233)
	at net.serenitybdd.screenplay.Actor.perform(Actor.java:214)
	at net.serenitybdd.screenplay.Actor.attemptsTo(Actor.java:171)
	at co.com.choucair.certification.utest.tasks.LogOut.performAs(LogOut.java:16)
	at co.com.choucair.certification.utest.tasks.LogOut$ByteBuddy$9UmSqzkp.performAs$accessor$iq0V6t5D(Unknown Source)
	at java.base/jdk.internal.reflect.NativeMethodAccessorImpl.invoke0(Native Method)
	at java.base/jdk.internal.reflect.NativeMethodAccessorImpl.invoke(NativeMethodAccessorImpl.java:62)
	at java.base/jdk.internal.reflect.DelegatingMethodAccessorImpl.invoke(DelegatingMethodAccessorImpl.java:43)
	at java.base/java.lang.reflect.Method.invoke(Method.java:566)
	at net.thucydides.core.steps.StepInterceptor.invokeMethod(StepInterceptor.java:471)
	at net.thucydides.core.steps.StepInterceptor.executeTestStepMethod(StepInterceptor.java:451)
	at net.thucydides.core.steps.StepInterceptor.runTestStep(StepInterceptor.java:424)
	at net.thucydides.core.steps.StepInterceptor.runOrSkipMethod(StepInterceptor.java:180)
	at net.thucydides.core.steps.StepInterceptor.testStepResult(StepInterceptor.java:167)
	at net.thucydides.core.steps.StepInterceptor.intercept(StepInterceptor.java:75)
	at co.com.choucair.certification.utest.tasks.LogOut$ByteBuddy$9UmSqzkp.performAs(Unknown Source)
	at net.serenitybdd.screenplay.Actor.performTask(Actor.java:233)
	at net.serenitybdd.screenplay.Actor.perform(Actor.java:214)
	at net.serenitybdd.screenplay.Actor.attemptsTo(Actor.java:171)
	at co.com.choucair.certification.utest.stepdefinitions.UtestStepDefinitions.theUserLogoutWithTheirCredentials(UtestStepDefinitions.java:40)
	at java.base/jdk.internal.reflect.NativeMethodAccessorImpl.invoke0(Native Method)
	at java.base/jdk.internal.reflect.NativeMethodAccessorImpl.invoke(NativeMethodAccessorImpl.java:62)
	at java.base/jdk.internal.reflect.DelegatingMethodAccessorImpl.invoke(DelegatingMethodAccessorImpl.java:43)
	at java.base/java.lang.reflect.Method.invoke(Method.java:566)
	at cucumber.runtime.Utils$1.call(Utils.java:31)
	at cucumber.runtime.Timeout.timeout(Timeout.java:16)
	at cucumber.runtime.Utils.invoke(Utils.java:25)
	at cucumber.runtime.java.JavaStepDefinition.execute(JavaStepDefinition.java:37)
	at cucumber.runtime.StepDefinitionMatch.runStep(StepDefinitionMatch.java:40)
	at cucumber.api.TestStep.executeStep(TestStep.java:102)
	at cucumber.api.TestStep.run(TestStep.java:83)
	at cucumber.api.TestCase.run(TestCase.java:58)
	at cucumber.runner.Runner.runPickle(Runner.java:80)
	at cucumber.runtime.junit.PickleRunners$NoStepDescriptions.run(PickleRunners.java:140)
	at cucumber.runtime.junit.FeatureRunner.runChild(FeatureRunner.java:68)
	at cucumber.runtime.junit.FeatureRunner.runChild(FeatureRunner.java:23)
	at org.junit.runners.ParentRunner$3.run(ParentRunner.java:290)
	at org.junit.runners.ParentRunner$1.schedule(ParentRunner.java:71)
	at org.junit.runners.ParentRunner.runChildren(ParentRunner.java:288)
	at org.junit.runners.ParentRunner.access$000(ParentRunner.java:58)
	at org.junit.runners.ParentRunner$2.evaluate(ParentRunner.java:268)
	at org.junit.runners.ParentRunner.run(ParentRunner.java:363)
	at cucumber.runtime.junit.FeatureRunner.run(FeatureRunner.java:73)
	at cucumber.api.junit.Cucumber.runChild(Cucumber.java:118)
	at cucumber.api.junit.Cucumber.runChild(Cucumber.java:56)
	at org.junit.runners.ParentRunner$3.run(ParentRunner.java:290)
	at org.junit.runners.ParentRunner$1.schedule(ParentRunner.java:71)
	at org.junit.runners.ParentRunner.runChildren(ParentRunner.java:288)
	at org.junit.runners.ParentRunner.access$000(ParentRunner.java:58)
	at org.junit.runners.ParentRunner$2.evaluate(ParentRunner.java:268)
	at cucumber.api.junit.Cucumber$1.evaluate(Cucumber.java:127)
	at org.junit.runners.ParentRunner.run(ParentRunner.java:363)
	at org.gradle.api.internal.tasks.testing.junit.JUnitTestClassExecutor.runTestClass(JUnitTestClassExecutor.java:110)
	at org.gradle.api.internal.tasks.testing.junit.JUnitTestClassExecutor.execute(JUnitTestClassExecutor.java:58)
	at org.gradle.api.internal.tasks.testing.junit.JUnitTestClassExecutor.execute(JUnitTestClassExecutor.java:38)
	at org.gradle.api.internal.tasks.testing.junit.AbstractJUnitTestClassProcessor.processTestClass(AbstractJUnitTestClassProcessor.java:62)
	at org.gradle.api.internal.tasks.testing.SuiteTestClassProcessor.processTestClass(SuiteTestClassProcessor.java:51)
	at java.base/jdk.internal.reflect.NativeMethodAccessorImpl.invoke0(Native Method)
	at java.base/jdk.internal.reflect.NativeMethodAccessorImpl.invoke(NativeMethodAccessorImpl.java:62)
	at java.base/jdk.internal.reflect.DelegatingMethodAccessorImpl.invoke(DelegatingMethodAccessorImpl.java:43)
	at java.base/java.lang.reflect.Method.invoke(Method.java:566)
	at org.gradle.internal.dispatch.ReflectionDispatch.dispatch(ReflectionDispatch.java:36)
	at org.gradle.internal.dispatch.ReflectionDispatch.dispatch(ReflectionDispatch.java:24)
	at org.gradle.internal.dispatch.ContextClassLoaderDispatch.dispatch(ContextClassLoaderDispatch.java:33)
	at org.gradle.internal.dispatch.ProxyDispatchAdapter$DispatchingInvocationHandler.invoke(ProxyDispatchAdapter.java:94)
	at com.sun.proxy.$Proxy2.processTestClass(Unknown Source)
	at org.gradle.api.internal.tasks.testing.worker.TestWorker.processTestClass(TestWorker.java:121)
	at java.base/jdk.internal.reflect.NativeMethodAccessorImpl.invoke0(Native Method)
	at java.base/jdk.internal.reflect.NativeMethodAccessorImpl.invoke(NativeMethodAccessorImpl.java:62)
	at java.base/jdk.internal.reflect.DelegatingMethodAccessorImpl.invoke(DelegatingMethodAccessorImpl.java:43)
	at java.base/java.lang.reflect.Method.invoke(Method.java:566)
	at org.gradle.internal.dispatch.ReflectionDispatch.dispatch(ReflectionDispatch.java:36)
	at org.gradle.internal.dispatch.ReflectionDispatch.dispatch(ReflectionDispatch.java:24)
	at org.gradle.internal.remote.internal.hub.MessageHubBackedObjectConnection$DispatchWrapper.dispatch(MessageHubBackedObjectConnection.java:182)
	at org.gradle.internal.remote.internal.hub.MessageHubBackedObjectConnection$DispatchWrapper.dispatch(MessageHubBackedObjectConnection.java:164)
	at org.gradle.internal.remote.internal.hub.MessageHub$Handler.run(MessageHub.java:414)
	at org.gradle.internal.concurrent.ExecutorPolicy$CatchAndRecordFailures.onExecute(ExecutorPolicy.java:64)
	at org.gradle.internal.concurrent.ManagedExecutorImpl$1.run(ManagedExecutorImpl.java:48)
	at java.base/java.util.concurrent.ThreadPoolExecutor.runWorker(ThreadPoolExecutor.java:1128)
	at java.base/java.util.concurrent.ThreadPoolExecutor$Worker.run(ThreadPoolExecutor.java:628)
	at org.gradle.internal.concurrent.ThreadFactoryImpl$ManagedThreadRunnable.run(ThreadFactoryImpl.java:56)
	at java.base/java.lang.Thread.run(Thread.java:829)
</failure>
  </testcase>
  <testcase name="Register a new user" classname="Utest" time="26.711"/>
  <system-out><![CDATA[]]></system-out>
  <system-err><![CDATA[[Test worker] WARN net.thucydides.core.steps.BaseStepListener - stepStarted: net.thucydides.core.steps.ExecutedStepDescription@6c0afb05
[Test worker] WARN net.thucydides.core.steps.BaseStepListener - stepStarted: net.thucydides.core.steps.ExecutedStepDescription@2d177bc6
[Test worker] WARN net.thucydides.core.steps.BaseStepListener - stepStarted: net.thucydides.core.steps.ExecutedStepDescription@6b4cd355
mar 31, 2022 4:18:10 P. M. org.openqa.selenium.remote.DesiredCapabilities chrome
INFORMACIÓN: Using `new ChromeOptions()` is preferred to `DesiredCapabilities.chrome()`
[Test worker] INFO net.serenitybdd.core.webdriver.driverproviders.ProvideNewDriver - Instantiating driver
[Test worker] INFO net.serenitybdd.core.webdriver.driverproviders.ProvideNewDriver - Driver capabilities: Capabilities {acceptInsecureCerts: false, browserName: chrome, chrome.switches: --start-maximized, goog:chromeOptions: {args: [--start-maximized], extensions: []}, loggingPrefs: org.openqa.selenium.logging..., platform: ANY, version: }
Starting ChromeDriver 99.0.4844.51 (d537ec02474b5afe23684e7963d538896c63ac77-refs/branch-heads/4844@{#875}) on port 22474
Only local connections are allowed.
Please see https://chromedriver.chromium.org/security-considerations for suggestions on keeping ChromeDriver safe.
ChromeDriver was started successfully.
mar 31, 2022 4:18:12 P. M. org.openqa.selenium.remote.ProtocolHandshake createSession
INFORMACIÓN: Detected dialect: W3C
[Test worker] WARN net.thucydides.core.steps.BaseStepListener - stepFinished: current outcome:Login the user:Given than manuel wants to learn automation at the utest
| strUsername | strPassword |
| meerazo7@hotmail.com | Manuel123* | [Manuel open up [Manuel opens the Utest page]]
[Test worker] WARN net.thucydides.core.steps.BaseStepListener - stepFinished: current outcome:Login the user:Given than manuel wants to learn automation at the utest
| strUsername | strPassword |
| meerazo7@hotmail.com | Manuel123* | [Manuel open up [Manuel opens the Utest page]]
[Test worker] WARN net.thucydides.core.steps.BaseStepListener - stepStarted: net.thucydides.core.steps.ExecutedStepDescription@4a8d9913
[Test worker] WARN net.thucydides.core.steps.BaseStepListener - stepStarted: net.thucydides.core.steps.ExecutedStepDescription@35241fca
[Test worker] WARN net.thucydides.core.steps.BaseStepListener - stepFinished: current outcome:Login the user:Given than manuel wants to learn automation at the utest
| strUsername | strPassword |
| meerazo7@hotmail.com | Manuel123* | [Manuel open up [Manuel opens the Utest page], Manuel login [Manuel clicks on button that show us the form to login]]
[Test worker] WARN net.thucydides.core.steps.BaseStepListener - stepStarted: net.thucydides.core.steps.ExecutedStepDescription@2c1419a6
[Test worker] WARN net.thucydides.core.steps.BaseStepListener - stepFinished: current outcome:Login the user:Given than manuel wants to learn automation at the utest
| strUsername | strPassword |
| meerazo7@hotmail.com | Manuel123* | [Manuel open up [Manuel opens the Utest page], Manuel login [Manuel clicks on button that show us the form to login, Manuel enters 'meerazo7@hotmail.com' into where do we write the user]]
[Test worker] WARN net.thucydides.core.steps.BaseStepListener - stepStarted: net.thucydides.core.steps.ExecutedStepDescription@9beb629
[Test worker] WARN net.thucydides.core.steps.BaseStepListener - stepFinished: current outcome:Login the user:Given than manuel wants to learn automation at the utest
| strUsername | strPassword |
| meerazo7@hotmail.com | Manuel123* | [Manuel open up [Manuel opens the Utest page], Manuel login [Manuel clicks on button that show us the form to login, Manuel enters 'meerazo7@hotmail.com' into where do we write the user, Manuel enters 'Manuel123*' into where do we write the password]]
[Test worker] WARN net.thucydides.core.steps.BaseStepListener - stepStarted: net.thucydides.core.steps.ExecutedStepDescription@56be0235
[Test worker] WARN net.thucydides.core.steps.BaseStepListener - stepFinished: current outcome:Login the user:Given than manuel wants to learn automation at the utest
| strUsername | strPassword |
| meerazo7@hotmail.com | Manuel123* | [Manuel open up [Manuel opens the Utest page], Manuel login [Manuel clicks on button that show us the form to login, Manuel enters 'meerazo7@hotmail.com' into where do we write the user, Manuel enters 'Manuel123*' into where do we write the password, Manuel clicks on button to confirm login]]
[Test worker] WARN net.thucydides.core.steps.BaseStepListener - stepFinished: current outcome:Login the user:Given than manuel wants to learn automation at the utest
| strUsername | strPassword |
| meerazo7@hotmail.com | Manuel123* | [Manuel open up [Manuel opens the Utest page], Manuel login [Manuel clicks on button that show us the form to login, Manuel enters 'meerazo7@hotmail.com' into where do we write the user, Manuel enters 'Manuel123*' into where do we write the password, Manuel clicks on button to confirm login]]
[Test worker] WARN net.thucydides.core.steps.BaseStepListener - stepFinished: current outcome:Login the user:Given than manuel wants to learn automation at the utest
| strUsername | strPassword |
| meerazo7@hotmail.com | Manuel123* | [Manuel open up [Manuel opens the Utest page], Manuel login [Manuel clicks on button that show us the form to login, Manuel enters 'meerazo7@hotmail.com' into where do we write the user, Manuel enters 'Manuel123*' into where do we write the password, Manuel clicks on button to confirm login]]
[Test worker] WARN net.thucydides.core.steps.BaseStepListener - stepStarted: net.thucydides.core.steps.ExecutedStepDescription@5688f1a0
[Test worker] WARN net.thucydides.core.steps.BaseStepListener - stepFinished: current outcome:Login the user:Given than manuel wants to learn automation at the utest
| strUsername | strPassword |
| meerazo7@hotmail.com | Manuel123* | [Manuel open up [Manuel opens the Utest page], Manuel login [Manuel clicks on button that show us the form to login, Manuel enters 'meerazo7@hotmail.com' into where do we write the user, Manuel enters 'Manuel123*' into where do we write the password, Manuel clicks on button to confirm login]], When he finds the coursed called utest
[Test worker] WARN net.thucydides.core.steps.BaseStepListener - stepStarted: net.thucydides.core.steps.ExecutedStepDescription@7691d51e
[Test worker] WARN net.thucydides.core.steps.BaseStepListener - stepStarted: net.thucydides.core.steps.ExecutedStepDescription@61c98496
[Test worker] WARN net.thucydides.core.steps.BaseStepListener - stepStarted: net.thucydides.core.steps.ExecutedStepDescription@54c7a805
[Test worker] WARN net.thucydides.core.steps.BaseStepListener - testFinished: Login the user:Given than manuel wants to learn automation at the utest
| strUsername | strPassword |
| meerazo7@hotmail.com | Manuel123* | [Manuel open up [Manuel opens the Utest page], Manuel login [Manuel clicks on button that show us the form to login, Manuel enters 'meerazo7@hotmail.com' into where do we write the user, Manuel enters 'Manuel123*' into where do we write the password, Manuel clicks on button to confirm login]], When he finds the coursed called utest, Then the user Logout with their credentials [Manuel log out [Manuel clicks on expand button]]
[Test worker] WARN net.thucydides.core.steps.BaseStepListener - TestOutcomes: [Login the user:Given than manuel wants to learn automation at the utest
| strUsername | strPassword |
| meerazo7@hotmail.com | Manuel123* | [Manuel open up [Manuel opens the Utest page], Manuel login [Manuel clicks on button that show us the form to login, Manuel enters 'meerazo7@hotmail.com' into where do we write the user, Manuel enters 'Manuel123*' into where do we write the password, Manuel clicks on button to confirm login]], When he finds the coursed called utest, Then the user Logout with their credentials [Manuel log out [Manuel clicks on expand button]]]
[Test worker] WARN net.thucydides.core.steps.BaseStepListener - Final testOutcomes: [Login the user:Given than manuel wants to learn automation at the utest
| strUsername | strPassword |
| meerazo7@hotmail.com | Manuel123* | [Manuel open up [Manuel opens the Utest page], Manuel login [Manuel clicks on button that show us the form to login, Manuel enters 'meerazo7@hotmail.com' into where do we write the user, Manuel enters 'Manuel123*' into where do we write the password, Manuel clicks on button to confirm login]], When he finds the coursed called utest, Then the user Logout with their credentials [Manuel log out [Manuel clicks on expand button]]]
[Test worker] ERROR net.thucydides.core.steps.ConsoleLoggingListener - 
           __  _____ _____ ____ _____   _____ _    ___ _     _____ ____  
  _       / / |_   _| ____/ ___|_   _| |  ___/ \  |_ _| |   | ____|  _ \ 
 (_)_____| |    | | |  _| \___ \ | |   | |_ / _ \  | || |   |  _| | | | |
  _|_____| |    | | | |___ ___) || |   |  _/ ___ \ | || |___| |___| |_| |
 (_)     | |    |_| |_____|____/ |_|   |_|/_/   \_\___|_____|_____|____/ 
          \_\                                                            

TEST FAILED WITH ERROR: Login the user
---------------------------------------------------------------------
[Test worker] ERROR net.thucydides.core.steps.ConsoleLoggingListener - TEST FAILED AT STEP Manuel clicks on expand button
[Test worker] ERROR net.thucydides.core.steps.ConsoleLoggingListener - The following error occurred: chrome not reachable
[Test worker] WARN net.thucydides.core.steps.BaseStepListener - stepStarted: net.thucydides.core.steps.ExecutedStepDescription@6577f162
[Test worker] WARN net.thucydides.core.steps.BaseStepListener - stepStarted: net.thucydides.core.steps.ExecutedStepDescription@6ea9e1de
[Test worker] WARN net.thucydides.core.steps.BaseStepListener - stepStarted: net.thucydides.core.steps.ExecutedStepDescription@5e6f0bd2
mar 31, 2022 4:18:27 P. M. org.openqa.selenium.remote.DesiredCapabilities chrome
INFORMACIÓN: Using `new ChromeOptions()` is preferred to `DesiredCapabilities.chrome()`
[Test worker] INFO net.serenitybdd.core.webdriver.driverproviders.ProvideNewDriver - Instantiating driver
[Test worker] INFO net.serenitybdd.core.webdriver.driverproviders.ProvideNewDriver - Driver capabilities: Capabilities {acceptInsecureCerts: false, browserName: chrome, chrome.switches: --start-maximized, goog:chromeOptions: {args: [--start-maximized], extensions: []}, loggingPrefs: org.openqa.selenium.logging..., platform: ANY, version: }
Starting ChromeDriver 99.0.4844.51 (d537ec02474b5afe23684e7963d538896c63ac77-refs/branch-heads/4844@{#875}) on port 1205
Only local connections are allowed.
Please see https://chromedriver.chromium.org/security-considerations for suggestions on keeping ChromeDriver safe.
ChromeDriver was started successfully.
mar 31, 2022 4:18:27 P. M. org.openqa.selenium.remote.ProtocolHandshake createSession
INFORMACIÓN: Detected dialect: W3C
[Test worker] WARN net.thucydides.core.steps.BaseStepListener - stepFinished: current outcome:Register a new user:Given set data in fields
| strFirstName | strLastName | strEmailAddress | strCity | strZipCode | strPassword |
| Juan | Jose | mowafo1178@sartess.com | Popayán | 190002 | Msa_233**ff22 | [Manuel open up [Manuel opens the Utest page]]
[Test worker] WARN net.thucydides.core.steps.BaseStepListener - stepFinished: current outcome:Register a new user:Given set data in fields
| strFirstName | strLastName | strEmailAddress | strCity | strZipCode | strPassword |
| Juan | Jose | mowafo1178@sartess.com | Popayán | 190002 | Msa_233**ff22 | [Manuel open up [Manuel opens the Utest page]]
[Test worker] WARN net.thucydides.core.steps.BaseStepListener - stepStarted: net.thucydides.core.steps.ExecutedStepDescription@2ec95aca
[Test worker] WARN net.thucydides.core.steps.BaseStepListener - stepStarted: net.thucydides.core.steps.ExecutedStepDescription@31474361
[Test worker] WARN net.thucydides.core.steps.BaseStepListener - stepFinished: current outcome:Register a new user:Given set data in fields
| strFirstName | strLastName | strEmailAddress | strCity | strZipCode | strPassword |
| Juan | Jose | mowafo1178@sartess.com | Popayán | 190002 | Msa_233**ff22 | [Manuel open up [Manuel opens the Utest page], Manuel register [Manuel clicks on button register]]
[Test worker] WARN net.thucydides.core.steps.BaseStepListener - stepStarted: net.thucydides.core.steps.ExecutedStepDescription@7f1570c1
[Test worker] WARN net.thucydides.core.steps.BaseStepListener - stepFinished: current outcome:Register a new user:Given set data in fields
| strFirstName | strLastName | strEmailAddress | strCity | strZipCode | strPassword |
| Juan | Jose | mowafo1178@sartess.com | Popayán | 190002 | Msa_233**ff22 | [Manuel open up [Manuel opens the Utest page], Manuel register [Manuel clicks on button register, Manuel enters 'Juan' into where do we write the first name]]
[Test worker] WARN net.thucydides.core.steps.BaseStepListener - stepStarted: net.thucydides.core.steps.ExecutedStepDescription@45e1e516
[Test worker] WARN net.thucydides.core.steps.BaseStepListener - stepFinished: current outcome:Register a new user:Given set data in fields
| strFirstName | strLastName | strEmailAddress | strCity | strZipCode | strPassword |
| Juan | Jose | mowafo1178@sartess.com | Popayán | 190002 | Msa_233**ff22 | [Manuel open up [Manuel opens the Utest page], Manuel register [Manuel clicks on button register, Manuel enters 'Juan' into where do we write the first name, Manuel enters 'Jose' into where do we write the last name]]
[Test worker] WARN net.thucydides.core.steps.BaseStepListener - stepStarted: net.thucydides.core.steps.ExecutedStepDescription@108f1e55
[Test worker] WARN net.thucydides.core.steps.BaseStepListener - stepFinished: current outcome:Register a new user:Given set data in fields
| strFirstName | strLastName | strEmailAddress | strCity | strZipCode | strPassword |
| Juan | Jose | mowafo1178@sartess.com | Popayán | 190002 | Msa_233**ff22 | [Manuel open up [Manuel opens the Utest page], Manuel register [Manuel clicks on button register, Manuel enters 'Juan' into where do we write the first name, Manuel enters 'Jose' into where do we write the last name, Manuel enters 'mowafo1178@sartess.com' into where do we write the email]]
[Test worker] WARN net.thucydides.core.steps.BaseStepListener - stepStarted: net.thucydides.core.steps.ExecutedStepDescription@64893fde
[Test worker] WARN net.thucydides.core.steps.BaseStepListener - stepFinished: current outcome:Register a new user:Given set data in fields
| strFirstName | strLastName | strEmailAddress | strCity | strZipCode | strPassword |
| Juan | Jose | mowafo1178@sartess.com | Popayán | 190002 | Msa_233**ff22 | [Manuel open up [Manuel opens the Utest page], Manuel register [Manuel clicks on button register, Manuel enters 'Juan' into where do we write the first name, Manuel enters 'Jose' into where do we write the last name, Manuel enters 'mowafo1178@sartess.com' into where do we write the email, Manuel clicks on where do we write the month]]
[Test worker] WARN net.thucydides.core.steps.BaseStepListener - stepStarted: net.thucydides.core.steps.ExecutedStepDescription@58acbb85
[Test worker] WARN net.thucydides.core.steps.BaseStepListener - stepFinished: current outcome:Register a new user:Given set data in fields
| strFirstName | strLastName | strEmailAddress | strCity | strZipCode | strPassword |
| Juan | Jose | mowafo1178@sartess.com | Popayán | 190002 | Msa_233**ff22 | [Manuel open up [Manuel opens the Utest page], Manuel register [Manuel clicks on button register, Manuel enters 'Juan' into where do we write the first name, Manuel enters 'Jose' into where do we write the last name, Manuel enters 'mowafo1178@sartess.com' into where do we write the email, Manuel clicks on where do we write the month, Manuel clicks on where do we write the month]]
[Test worker] WARN net.thucydides.core.steps.BaseStepListener - stepStarted: net.thucydides.core.steps.ExecutedStepDescription@57794693
[Test worker] WARN net.thucydides.core.steps.BaseStepListener - stepFinished: current outcome:Register a new user:Given set data in fields
| strFirstName | strLastName | strEmailAddress | strCity | strZipCode | strPassword |
| Juan | Jose | mowafo1178@sartess.com | Popayán | 190002 | Msa_233**ff22 | [Manuel open up [Manuel opens the Utest page], Manuel register [Manuel clicks on button register, Manuel enters 'Juan' into where do we write the first name, Manuel enters 'Jose' into where do we write the last name, Manuel enters 'mowafo1178@sartess.com' into where do we write the email, Manuel clicks on where do we write the month, Manuel clicks on where do we write the month, Manuel clicks on where do we write the day]]
[Test worker] WARN net.thucydides.core.steps.BaseStepListener - stepStarted: net.thucydides.core.steps.ExecutedStepDescription@3a43755d
[Test worker] WARN net.thucydides.core.steps.BaseStepListener - stepFinished: current outcome:Register a new user:Given set data in fields
| strFirstName | strLastName | strEmailAddress | strCity | strZipCode | strPassword |
| Juan | Jose | mowafo1178@sartess.com | Popayán | 190002 | Msa_233**ff22 | [Manuel open up [Manuel opens the Utest page], Manuel register [Manuel clicks on button register, Manuel enters 'Juan' into where do we write the first name, Manuel enters 'Jose' into where do we write the last name, Manuel enters 'mowafo1178@sartess.com' into where do we write the email, Manuel clicks on where do we write the month, Manuel clicks on where do we write the month, Manuel clicks on where do we write the day, Manuel clicks on where do we write the day]]
[Test worker] WARN net.thucydides.core.steps.BaseStepListener - stepStarted: net.thucydides.core.steps.ExecutedStepDescription@2b5bc302
[Test worker] WARN net.thucydides.core.steps.BaseStepListener - stepFinished: current outcome:Register a new user:Given set data in fields
| strFirstName | strLastName | strEmailAddress | strCity | strZipCode | strPassword |
| Juan | Jose | mowafo1178@sartess.com | Popayán | 190002 | Msa_233**ff22 | [Manuel open up [Manuel opens the Utest page], Manuel register [Manuel clicks on button register, Manuel enters 'Juan' into where do we write the first name, Manuel enters 'Jose' into where do we write the last name, Manuel enters 'mowafo1178@sartess.com' into where do we write the email, Manuel clicks on where do we write the month, Manuel clicks on where do we write the month, Manuel clicks on where do we write the day, Manuel clicks on where do we write the day, Manuel clicks on where do we write the year]]
[Test worker] WARN net.thucydides.core.steps.BaseStepListener - stepStarted: net.thucydides.core.steps.ExecutedStepDescription@39d181a0
[Test worker] WARN net.thucydides.core.steps.BaseStepListener - stepFinished: current outcome:Register a new user:Given set data in fields
| strFirstName | strLastName | strEmailAddress | strCity | strZipCode | strPassword |
| Juan | Jose | mowafo1178@sartess.com | Popayán | 190002 | Msa_233**ff22 | [Manuel open up [Manuel opens the Utest page], Manuel register [Manuel clicks on button register, Manuel enters 'Juan' into where do we write the first name, Manuel enters 'Jose' into where do we write the last name, Manuel enters 'mowafo1178@sartess.com' into where do we write the email, Manuel clicks on where do we write the month, Manuel clicks on where do we write the month, Manuel clicks on where do we write the day, Manuel clicks on where do we write the day, Manuel clicks on where do we write the year, Manuel clicks on where do we write the year]]
[Test worker] WARN net.thucydides.core.steps.BaseStepListener - stepStarted: net.thucydides.core.steps.ExecutedStepDescription@e3cca23
[Test worker] WARN net.thucydides.core.steps.BaseStepListener - stepFinished: current outcome:Register a new user:Given set data in fields
| strFirstName | strLastName | strEmailAddress | strCity | strZipCode | strPassword |
| Juan | Jose | mowafo1178@sartess.com | Popayán | 190002 | Msa_233**ff22 | [Manuel open up [Manuel opens the Utest page], Manuel register [Manuel clicks on button register, Manuel enters 'Juan' into where do we write the first name, Manuel enters 'Jose' into where do we write the last name, Manuel enters 'mowafo1178@sartess.com' into where do we write the email, Manuel clicks on where do we write the month, Manuel clicks on where do we write the month, Manuel clicks on where do we write the day, Manuel clicks on where do we write the day, Manuel clicks on where do we write the year, Manuel clicks on where do we write the year, Manuel clicks on next button]]
[Test worker] WARN net.thucydides.core.steps.BaseStepListener - stepStarted: net.thucydides.core.steps.ExecutedStepDescription@3114e150
[Test worker] WARN net.thucydides.core.steps.BaseStepListener - stepFinished: current outcome:Register a new user:Given set data in fields
| strFirstName | strLastName | strEmailAddress | strCity | strZipCode | strPassword |
| Juan | Jose | mowafo1178@sartess.com | Popayán | 190002 | Msa_233**ff22 | [Manuel open up [Manuel opens the Utest page], Manuel register [Manuel clicks on button register, Manuel enters 'Juan' into where do we write the first name, Manuel enters 'Jose' into where do we write the last name, Manuel enters 'mowafo1178@sartess.com' into where do we write the email, Manuel clicks on where do we write the month, Manuel clicks on where do we write the month, Manuel clicks on where do we write the day, Manuel clicks on where do we write the day, Manuel clicks on where do we write the year, Manuel clicks on where do we write the year, Manuel clicks on next button, Manuel enters 'Popayán' into where do we write the city]]
[Test worker] WARN net.thucydides.core.steps.BaseStepListener - stepStarted: net.thucydides.core.steps.ExecutedStepDescription@4197f102
[Test worker] WARN net.thucydides.core.steps.BaseStepListener - stepFinished: current outcome:Register a new user:Given set data in fields
| strFirstName | strLastName | strEmailAddress | strCity | strZipCode | strPassword |
| Juan | Jose | mowafo1178@sartess.com | Popayán | 190002 | Msa_233**ff22 | [Manuel open up [Manuel opens the Utest page], Manuel register [Manuel clicks on button register, Manuel enters 'Juan' into where do we write the first name, Manuel enters 'Jose' into where do we write the last name, Manuel enters 'mowafo1178@sartess.com' into where do we write the email, Manuel clicks on where do we write the month, Manuel clicks on where do we write the month, Manuel clicks on where do we write the day, Manuel clicks on where do we write the day, Manuel clicks on where do we write the year, Manuel clicks on where do we write the year, Manuel clicks on next button, Manuel enters 'Popayán' into where do we write the city, Manuel enters '190002' into where do we write the zip code]]
[Test worker] WARN net.thucydides.core.steps.BaseStepListener - stepStarted: net.thucydides.core.steps.ExecutedStepDescription@7fe3f6c8
[Test worker] WARN net.thucydides.core.steps.BaseStepListener - stepFinished: current outcome:Register a new user:Given set data in fields
| strFirstName | strLastName | strEmailAddress | strCity | strZipCode | strPassword |
| Juan | Jose | mowafo1178@sartess.com | Popayán | 190002 | Msa_233**ff22 | [Manuel open up [Manuel opens the Utest page], Manuel register [Manuel clicks on button register, Manuel enters 'Juan' into where do we write the first name, Manuel enters 'Jose' into where do we write the last name, Manuel enters 'mowafo1178@sartess.com' into where do we write the email, Manuel clicks on where do we write the month, Manuel clicks on where do we write the month, Manuel clicks on where do we write the day, Manuel clicks on where do we write the day, Manuel clicks on where do we write the year, Manuel clicks on where do we write the year, Manuel clicks on next button, Manuel enters 'Popayán' into where do we write the city, Manuel enters '190002' into where do we write the zip code, Manuel clicks on where do we write the country]]
[Test worker] WARN net.thucydides.core.steps.BaseStepListener - stepStarted: net.thucydides.core.steps.ExecutedStepDescription@45fbd52
[Test worker] WARN net.thucydides.core.steps.BaseStepListener - stepFinished: current outcome:Register a new user:Given set data in fields
| strFirstName | strLastName | strEmailAddress | strCity | strZipCode | strPassword |
| Juan | Jose | mowafo1178@sartess.com | Popayán | 190002 | Msa_233**ff22 | [Manuel open up [Manuel opens the Utest page], Manuel register [Manuel clicks on button register, Manuel enters 'Juan' into where do we write the first name, Manuel enters 'Jose' into where do we write the last name, Manuel enters 'mowafo1178@sartess.com' into where do we write the email, Manuel clicks on where do we write the month, Manuel clicks on where do we write the month, Manuel clicks on where do we write the day, Manuel clicks on where do we write the day, Manuel clicks on where do we write the year, Manuel clicks on where do we write the year, Manuel clicks on next button, Manuel enters 'Popayán' into where do we write the city, Manuel enters '190002' into where do we write the zip code, Manuel clicks on where do we write the country, Manuel clicks on next button]]
[Test worker] WARN net.thucydides.core.steps.BaseStepListener - stepStarted: net.thucydides.core.steps.ExecutedStepDescription@128ea949
[Test worker] WARN net.thucydides.core.steps.BaseStepListener - stepFinished: current outcome:Register a new user:Given set data in fields
| strFirstName | strLastName | strEmailAddress | strCity | strZipCode | strPassword |
| Juan | Jose | mowafo1178@sartess.com | Popayán | 190002 | Msa_233**ff22 | [Manuel open up [Manuel opens the Utest page], Manuel register [Manuel clicks on button register, Manuel enters 'Juan' into where do we write the first name, Manuel enters 'Jose' into where do we write the last name, Manuel enters 'mowafo1178@sartess.com' into where do we write the email, Manuel clicks on where do we write the month, Manuel clicks on where do we write the month, Manuel clicks on where do we write the day, Manuel clicks on where do we write the day, Manuel clicks on where do we write the year, Manuel clicks on where do we write the year, Manuel clicks on next button, Manuel enters 'Popayán' into where do we write the city, Manuel enters '190002' into where do we write the zip code, Manuel clicks on where do we write the country, Manuel clicks on next button, Manuel clicks on Open SO]]
[Test worker] WARN net.thucydides.core.steps.BaseStepListener - stepStarted: net.thucydides.core.steps.ExecutedStepDescription@195d3c86
[Test worker] WARN net.thucydides.core.steps.BaseStepListener - stepFinished: current outcome:Register a new user:Given set data in fields
| strFirstName | strLastName | strEmailAddress | strCity | strZipCode | strPassword |
| Juan | Jose | mowafo1178@sartess.com | Popayán | 190002 | Msa_233**ff22 | [Manuel open up [Manuel opens the Utest page], Manuel register [Manuel clicks on button register, Manuel enters 'Juan' into where do we write the first name, Manuel enters 'Jose' into where do we write the last name, Manuel enters 'mowafo1178@sartess.com' into where do we write the email, Manuel clicks on where do we write the month, Manuel clicks on where do we write the month, Manuel clicks on where do we write the day, Manuel clicks on where do we write the day, Manuel clicks on where do we write the year, Manuel clicks on where do we write the year, Manuel clicks on next button, Manuel enters 'Popayán' into where do we write the city, Manuel enters '190002' into where do we write the zip code, Manuel clicks on where do we write the country, Manuel clicks on next button, Manuel clicks on Open SO, Manuel clicks on Select SO]]
[Test worker] WARN net.thucydides.core.steps.BaseStepListener - stepStarted: net.thucydides.core.steps.ExecutedStepDescription@6ffcaf95
[Test worker] WARN net.thucydides.core.steps.BaseStepListener - stepFinished: current outcome:Register a new user:Given set data in fields
| strFirstName | strLastName | strEmailAddress | strCity | strZipCode | strPassword |
| Juan | Jose | mowafo1178@sartess.com | Popayán | 190002 | Msa_233**ff22 | [Manuel open up [Manuel opens the Utest page], Manuel register [Manuel clicks on button register, Manuel enters 'Juan' into where do we write the first name, Manuel enters 'Jose' into where do we write the last name, Manuel enters 'mowafo1178@sartess.com' into where do we write the email, Manuel clicks on where do we write the month, Manuel clicks on where do we write the month, Manuel clicks on where do we write the day, Manuel clicks on where do we write the day, Manuel clicks on where do we write the year, Manuel clicks on where do we write the year, Manuel clicks on next button, Manuel enters 'Popayán' into where do we write the city, Manuel enters '190002' into where do we write the zip code, Manuel clicks on where do we write the country, Manuel clicks on next button, Manuel clicks on Open SO, Manuel clicks on Select SO, Manuel clicks on Open language]]
[Test worker] WARN net.thucydides.core.steps.BaseStepListener - stepStarted: net.thucydides.core.steps.ExecutedStepDescription@4db7e5f9
[Test worker] WARN net.thucydides.core.steps.BaseStepListener - stepFinished: current outcome:Register a new user:Given set data in fields
| strFirstName | strLastName | strEmailAddress | strCity | strZipCode | strPassword |
| Juan | Jose | mowafo1178@sartess.com | Popayán | 190002 | Msa_233**ff22 | [Manuel open up [Manuel opens the Utest page], Manuel register [Manuel clicks on button register, Manuel enters 'Juan' into where do we write the first name, Manuel enters 'Jose' into where do we write the last name, Manuel enters 'mowafo1178@sartess.com' into where do we write the email, Manuel clicks on where do we write the month, Manuel clicks on where do we write the month, Manuel clicks on where do we write the day, Manuel clicks on where do we write the day, Manuel clicks on where do we write the year, Manuel clicks on where do we write the year, Manuel clicks on next button, Manuel enters 'Popayán' into where do we write the city, Manuel enters '190002' into where do we write the zip code, Manuel clicks on where do we write the country, Manuel clicks on next button, Manuel clicks on Open SO, Manuel clicks on Select SO, Manuel clicks on Open language, Manuel clicks on Select language]]
[Test worker] WARN net.thucydides.core.steps.BaseStepListener - stepStarted: net.thucydides.core.steps.ExecutedStepDescription@1506d8f3
[Test worker] WARN net.thucydides.core.steps.BaseStepListener - stepFinished: current outcome:Register a new user:Given set data in fields
| strFirstName | strLastName | strEmailAddress | strCity | strZipCode | strPassword |
| Juan | Jose | mowafo1178@sartess.com | Popayán | 190002 | Msa_233**ff22 | [Manuel open up [Manuel opens the Utest page], Manuel register [Manuel clicks on button register, Manuel enters 'Juan' into where do we write the first name, Manuel enters 'Jose' into where do we write the last name, Manuel enters 'mowafo1178@sartess.com' into where do we write the email, Manuel clicks on where do we write the month, Manuel clicks on where do we write the month, Manuel clicks on where do we write the day, Manuel clicks on where do we write the day, Manuel clicks on where do we write the year, Manuel clicks on where do we write the year, Manuel clicks on next button, Manuel enters 'Popayán' into where do we write the city, Manuel enters '190002' into where do we write the zip code, Manuel clicks on where do we write the country, Manuel clicks on next button, Manuel clicks on Open SO, Manuel clicks on Select SO, Manuel clicks on Open language, Manuel clicks on Select language, Manuel clicks on Final button]]
[Test worker] WARN net.thucydides.core.steps.BaseStepListener - stepStarted: net.thucydides.core.steps.ExecutedStepDescription@3796ccee
[Test worker] WARN net.thucydides.core.steps.BaseStepListener - stepFinished: current outcome:Register a new user:Given set data in fields
| strFirstName | strLastName | strEmailAddress | strCity | strZipCode | strPassword |
| Juan | Jose | mowafo1178@sartess.com | Popayán | 190002 | Msa_233**ff22 | [Manuel open up [Manuel opens the Utest page], Manuel register [Manuel clicks on button register, Manuel enters 'Juan' into where do we write the first name, Manuel enters 'Jose' into where do we write the last name, Manuel enters 'mowafo1178@sartess.com' into where do we write the email, Manuel clicks on where do we write the month, Manuel clicks on where do we write the month, Manuel clicks on where do we write the day, Manuel clicks on where do we write the day, Manuel clicks on where do we write the year, Manuel clicks on where do we write the year, Manuel clicks on next button, Manuel enters 'Popayán' into where do we write the city, Manuel enters '190002' into where do we write the zip code, Manuel clicks on where do we write the country, Manuel clicks on next button, Manuel clicks on Open SO, Manuel clicks on Select SO, Manuel clicks on Open language, Manuel clicks on Select language, Manuel clicks on Final button, Manuel enters 'Msa_233**ff22' into where do we write the password]]
[Test worker] WARN net.thucydides.core.steps.BaseStepListener - stepStarted: net.thucydides.core.steps.ExecutedStepDescription@6f7f135d
[Test worker] WARN net.thucydides.core.steps.BaseStepListener - stepFinished: current outcome:Register a new user:Given set data in fields
| strFirstName | strLastName | strEmailAddress | strCity | strZipCode | strPassword |
| Juan | Jose | mowafo1178@sartess.com | Popayán | 190002 | Msa_233**ff22 | [Manuel open up [Manuel opens the Utest page], Manuel register [Manuel clicks on button register, Manuel enters 'Juan' into where do we write the first name, Manuel enters 'Jose' into where do we write the last name, Manuel enters 'mowafo1178@sartess.com' into where do we write the email, Manuel clicks on where do we write the month, Manuel clicks on where do we write the month, Manuel clicks on where do we write the day, Manuel clicks on where do we write the day, Manuel clicks on where do we write the year, Manuel clicks on where do we write the year, Manuel clicks on next button, Manuel enters 'Popayán' into where do we write the city, Manuel enters '190002' into where do we write the zip code, Manuel clicks on where do we write the country, Manuel clicks on next button, Manuel clicks on Open SO, Manuel clicks on Select SO, Manuel clicks on Open language, Manuel clicks on Select language, Manuel clicks on Final button, Manuel enters 'Msa_233**ff22' into where do we write the password, Manuel enters 'Msa_233**ff22' into where do we write the confirmPassword]]
[Test worker] WARN net.thucydides.core.steps.BaseStepListener - stepStarted: net.thucydides.core.steps.ExecutedStepDescription@6cc27e61
[Test worker] WARN net.thucydides.core.steps.BaseStepListener - stepFinished: current outcome:Register a new user:Given set data in fields
| strFirstName | strLastName | strEmailAddress | strCity | strZipCode | strPassword |
| Juan | Jose | mowafo1178@sartess.com | Popayán | 190002 | Msa_233**ff22 | [Manuel open up [Manuel opens the Utest page], Manuel register [Manuel clicks on button register, Manuel enters 'Juan' into where do we write the first name, Manuel enters 'Jose' into where do we write the last name, Manuel enters 'mowafo1178@sartess.com' into where do we write the email, Manuel clicks on where do we write the month, Manuel clicks on where do we write the month, Manuel clicks on where do we write the day, Manuel clicks on where do we write the day, Manuel clicks on where do we write the year, Manuel clicks on where do we write the year, Manuel clicks on next button, Manuel enters 'Popayán' into where do we write the city, Manuel enters '190002' into where do we write the zip code, Manuel clicks on where do we write the country, Manuel clicks on next button, Manuel clicks on Open SO, Manuel clicks on Select SO, Manuel clicks on Open language, Manuel clicks on Select language, Manuel clicks on Final button, Manuel enters 'Msa_233**ff22' into where do we write the password, Manuel enters 'Msa_233**ff22' into where do we write the confirmPassword, Manuel clicks on where do we select the terms]]
[Test worker] WARN net.thucydides.core.steps.BaseStepListener - stepStarted: net.thucydides.core.steps.ExecutedStepDescription@3baeb3f6
[Test worker] WARN net.thucydides.core.steps.BaseStepListener - stepFinished: current outcome:Register a new user:Given set data in fields
| strFirstName | strLastName | strEmailAddress | strCity | strZipCode | strPassword |
| Juan | Jose | mowafo1178@sartess.com | Popayán | 190002 | Msa_233**ff22 | [Manuel open up [Manuel opens the Utest page], Manuel register [Manuel clicks on button register, Manuel enters 'Juan' into where do we write the first name, Manuel enters 'Jose' into where do we write the last name, Manuel enters 'mowafo1178@sartess.com' into where do we write the email, Manuel clicks on where do we write the month, Manuel clicks on where do we write the month, Manuel clicks on where do we write the day, Manuel clicks on where do we write the day, Manuel clicks on where do we write the year, Manuel clicks on where do we write the year, Manuel clicks on next button, Manuel enters 'Popayán' into where do we write the city, Manuel enters '190002' into where do we write the zip code, Manuel clicks on where do we write the country, Manuel clicks on next button, Manuel clicks on Open SO, Manuel clicks on Select SO, Manuel clicks on Open language, Manuel clicks on Select language, Manuel clicks on Final button, Manuel enters 'Msa_233**ff22' into where do we write the password, Manuel enters 'Msa_233**ff22' into where do we write the confirmPassword, Manuel clicks on where do we select the terms, Manuel clicks on where do we select the privacy]]
[Test worker] WARN net.thucydides.core.steps.BaseStepListener - stepStarted: net.thucydides.core.steps.ExecutedStepDescription@5a927fda
[Test worker] WARN net.thucydides.core.steps.BaseStepListener - stepFinished: current outcome:Register a new user:Given set data in fields
| strFirstName | strLastName | strEmailAddress | strCity | strZipCode | strPassword |
| Juan | Jose | mowafo1178@sartess.com | Popayán | 190002 | Msa_233**ff22 | [Manuel open up [Manuel opens the Utest page], Manuel register [Manuel clicks on button register, Manuel enters 'Juan' into where do we write the first name, Manuel enters 'Jose' into where do we write the last name, Manuel enters 'mowafo1178@sartess.com' into where do we write the email, Manuel clicks on where do we write the month, Manuel clicks on where do we write the month, Manuel clicks on where do we write the day, Manuel clicks on where do we write the day, Manuel clicks on where do we write the year, Manuel clicks on where do we write the year, Manuel clicks on next button, Manuel enters 'Popayán' into where do we write the city, Manuel enters '190002' into where do we write the zip code, Manuel clicks on where do we write the country, Manuel clicks on next button, Manuel clicks on Open SO, Manuel clicks on Select SO, Manuel clicks on Open language, Manuel clicks on Select language, Manuel clicks on Final button, Manuel enters 'Msa_233**ff22' into where do we write the password, Manuel enters 'Msa_233**ff22' into where do we write the confirmPassword, Manuel clicks on where do we select the terms, Manuel clicks on where do we select the privacy, Manuel clicks on button register]]
[Test worker] WARN net.thucydides.core.steps.BaseStepListener - stepFinished: current outcome:Register a new user:Given set data in fields
| strFirstName | strLastName | strEmailAddress | strCity | strZipCode | strPassword |
| Juan | Jose | mowafo1178@sartess.com | Popayán | 190002 | Msa_233**ff22 | [Manuel open up [Manuel opens the Utest page], Manuel register [Manuel clicks on button register, Manuel enters 'Juan' into where do we write the first name, Manuel enters 'Jose' into where do we write the last name, Manuel enters 'mowafo1178@sartess.com' into where do we write the email, Manuel clicks on where do we write the month, Manuel clicks on where do we write the month, Manuel clicks on where do we write the day, Manuel clicks on where do we write the day, Manuel clicks on where do we write the year, Manuel clicks on where do we write the year, Manuel clicks on next button, Manuel enters 'Popayán' into where do we write the city, Manuel enters '190002' into where do we write the zip code, Manuel clicks on where do we write the country, Manuel clicks on next button, Manuel clicks on Open SO, Manuel clicks on Select SO, Manuel clicks on Open language, Manuel clicks on Select language, Manuel clicks on Final button, Manuel enters 'Msa_233**ff22' into where do we write the password, Manuel enters 'Msa_233**ff22' into where do we write the confirmPassword, Manuel clicks on where do we select the terms, Manuel clicks on where do we select the privacy, Manuel clicks on button register]]
[Test worker] WARN net.thucydides.core.steps.BaseStepListener - stepFinished: current outcome:Register a new user:Given set data in fields
| strFirstName | strLastName | strEmailAddress | strCity | strZipCode | strPassword |
| Juan | Jose | mowafo1178@sartess.com | Popayán | 190002 | Msa_233**ff22 | [Manuel open up [Manuel opens the Utest page], Manuel register [Manuel clicks on button register, Manuel enters 'Juan' into where do we write the first name, Manuel enters 'Jose' into where do we write the last name, Manuel enters 'mowafo1178@sartess.com' into where do we write the email, Manuel clicks on where do we write the month, Manuel clicks on where do we write the month, Manuel clicks on where do we write the day, Manuel clicks on where do we write the day, Manuel clicks on where do we write the year, Manuel clicks on where do we write the year, Manuel clicks on next button, Manuel enters 'Popayán' into where do we write the city, Manuel enters '190002' into where do we write the zip code, Manuel clicks on where do we write the country, Manuel clicks on next button, Manuel clicks on Open SO, Manuel clicks on Select SO, Manuel clicks on Open language, Manuel clicks on Select language, Manuel clicks on Final button, Manuel enters 'Msa_233**ff22' into where do we write the password, Manuel enters 'Msa_233**ff22' into where do we write the confirmPassword, Manuel clicks on where do we select the terms, Manuel clicks on where do we select the privacy, Manuel clicks on button register]]
[Test worker] WARN net.thucydides.core.steps.BaseStepListener - testFinished: Register a new user:Given set data in fields
| strFirstName | strLastName | strEmailAddress | strCity | strZipCode | strPassword |
| Juan | Jose | mowafo1178@sartess.com | Popayán | 190002 | Msa_233**ff22 | [Manuel open up [Manuel opens the Utest page], Manuel register [Manuel clicks on button register, Manuel enters 'Juan' into where do we write the first name, Manuel enters 'Jose' into where do we write the last name, Manuel enters 'mowafo1178@sartess.com' into where do we write the email, Manuel clicks on where do we write the month, Manuel clicks on where do we write the month, Manuel clicks on where do we write the day, Manuel clicks on where do we write the day, Manuel clicks on where do we write the year, Manuel clicks on where do we write the year, Manuel clicks on next button, Manuel enters 'Popayán' into where do we write the city, Manuel enters '190002' into where do we write the zip code, Manuel clicks on where do we write the country, Manuel clicks on next button, Manuel clicks on Open SO, Manuel clicks on Select SO, Manuel clicks on Open language, Manuel clicks on Select language, Manuel clicks on Final button, Manuel enters 'Msa_233**ff22' into where do we write the password, Manuel enters 'Msa_233**ff22' into where do we write the confirmPassword, Manuel clicks on where do we select the terms, Manuel clicks on where do we select the privacy, Manuel clicks on button register]]
[Test worker] WARN net.thucydides.core.steps.BaseStepListener - TestOutcomes: [Login the user:Given than manuel wants to learn automation at the utest
| strUsername | strPassword |
| meerazo7@hotmail.com | Manuel123* | [Manuel open up [Manuel opens the Utest page], Manuel login [Manuel clicks on button that show us the form to login, Manuel enters 'meerazo7@hotmail.com' into where do we write the user, Manuel enters 'Manuel123*' into where do we write the password, Manuel clicks on button to confirm login]], When he finds the coursed called utest, Then the user Logout with their credentials [Manuel log out [Manuel clicks on expand button]], Register a new user:Given set data in fields
| strFirstName | strLastName | strEmailAddress | strCity | strZipCode | strPassword |
| Juan | Jose | mowafo1178@sartess.com | Popayán | 190002 | Msa_233**ff22 | [Manuel open up [Manuel opens the Utest page], Manuel register [Manuel clicks on button register, Manuel enters 'Juan' into where do we write the first name, Manuel enters 'Jose' into where do we write the last name, Manuel enters 'mowafo1178@sartess.com' into where do we write the email, Manuel clicks on where do we write the month, Manuel clicks on where do we write the month, Manuel clicks on where do we write the day, Manuel clicks on where do we write the day, Manuel clicks on where do we write the year, Manuel clicks on where do we write the year, Manuel clicks on next button, Manuel enters 'Popayán' into where do we write the city, Manuel enters '190002' into where do we write the zip code, Manuel clicks on where do we write the country, Manuel clicks on next button, Manuel clicks on Open SO, Manuel clicks on Select SO, Manuel clicks on Open language, Manuel clicks on Select language, Manuel clicks on Final button, Manuel enters 'Msa_233**ff22' into where do we write the password, Manuel enters 'Msa_233**ff22' into where do we write the confirmPassword, Manuel clicks on where do we select the terms, Manuel clicks on where do we select the privacy, Manuel clicks on button register]]]
[Test worker] WARN net.thucydides.core.steps.BaseStepListener - Final testOutcomes: [Login the user:Given than manuel wants to learn automation at the utest
| strUsername | strPassword |
| meerazo7@hotmail.com | Manuel123* | [Manuel open up [Manuel opens the Utest page], Manuel login [Manuel clicks on button that show us the form to login, Manuel enters 'meerazo7@hotmail.com' into where do we write the user, Manuel enters 'Manuel123*' into where do we write the password, Manuel clicks on button to confirm login]], When he finds the coursed called utest, Then the user Logout with their credentials [Manuel log out [Manuel clicks on expand button]], Register a new user:Given set data in fields
| strFirstName | strLastName | strEmailAddress | strCity | strZipCode | strPassword |
| Juan | Jose | mowafo1178@sartess.com | Popayán | 190002 | Msa_233**ff22 | [Manuel open up [Manuel opens the Utest page], Manuel register [Manuel clicks on button register, Manuel enters 'Juan' into where do we write the first name, Manuel enters 'Jose' into where do we write the last name, Manuel enters 'mowafo1178@sartess.com' into where do we write the email, Manuel clicks on where do we write the month, Manuel clicks on where do we write the month, Manuel clicks on where do we write the day, Manuel clicks on where do we write the day, Manuel clicks on where do we write the year, Manuel clicks on where do we write the year, Manuel clicks on next button, Manuel enters 'Popayán' into where do we write the city, Manuel enters '190002' into where do we write the zip code, Manuel clicks on where do we write the country, Manuel clicks on next button, Manuel clicks on Open SO, Manuel clicks on Select SO, Manuel clicks on Open language, Manuel clicks on Select language, Manuel clicks on Final button, Manuel enters 'Msa_233**ff22' into where do we write the password, Manuel enters 'Msa_233**ff22' into where do we write the confirmPassword, Manuel clicks on where do we select the terms, Manuel clicks on where do we select the privacy, Manuel clicks on button register]]]
[Test worker] INFO net.thucydides.core.steps.ConsoleLoggingListener - 
        __    _____ _____ ____ _____   ____   _    ____  ____  _____ ____  
  _     \ \  |_   _| ____/ ___|_   _| |  _ \ / \  / ___|/ ___|| ____|  _ \ 
 (_)_____| |   | | |  _| \___ \ | |   | |_) / _ \ \___ \\___ \|  _| | | | |
  _|_____| |   | | | |___ ___) || |   |  __/ ___ \ ___) |___) | |___| |_| |
 (_)     | |   |_| |_____|____/ |_|   |_| /_/   \_\____/|____/|_____|____/ 
        /_/                                                                

TEST PASSED: Register a new user
----------------------------------------------------------------------------
]]></system-err>
</testsuite>
